<?xml version="1.0" encoding="UTF-8"?>
<robot generator="Robot 3.2.2 (Python 3.7.4 on win32)" generated="20201028 14:28:29.364" rpa="false">
<suite id="s1" name="Scrape" source="F:\Github\Car Scraping-Robot Framework\scrape.robot">
<test id="s1-t1" name="Scraping">
<kw name="Buka Google">
<kw name="Open Browser" library="SeleniumLibrary">
<doc>Opens a new browser instance to the optional ``url``.</doc>
<arguments>
<arg>${url}</arg>
<arg>${browser}</arg>
</arguments>
<msg timestamp="20201028 14:28:29.824" level="INFO">Opening browser 'Chrome' to base url 'https://garasi.id/pencarian/mobil-bekas/'.</msg>
<status status="PASS" starttime="20201028 14:28:29.824" endtime="20201028 14:28:35.730"></status>
</kw>
<kw name="Maximize Browser Window" library="SeleniumLibrary">
<doc>Maximizes current browser window.</doc>
<status status="PASS" starttime="20201028 14:28:35.731" endtime="20201028 14:28:43.515"></status>
</kw>
<kw name="Wait Until Element Is Visible" library="SeleniumLibrary">
<doc>Waits until the element ``locator`` is visible.</doc>
<arguments>
<arg>${search_box}</arg>
</arguments>
<status status="PASS" starttime="20201028 14:28:43.516" endtime="20201028 14:28:46.422"></status>
</kw>
<kw name="Input Text" library="SeleniumLibrary">
<doc>Types the given ``text`` into the text field identified by ``locator``.</doc>
<arguments>
<arg>${search_box}</arg>
<arg>${keyword}</arg>
</arguments>
<msg timestamp="20201028 14:28:46.423" level="INFO">Typing text 'Toyota Agya' into text field 'xpath://input[@name="searchValue"]'.</msg>
<status status="PASS" starttime="20201028 14:28:46.422" endtime="20201028 14:28:48.353"></status>
</kw>
<kw name="Press Keys" library="SeleniumLibrary">
<doc>Simulates the user pressing key(s) to an element or on the active browser.</doc>
<arguments>
<arg>${search_box}</arg>
<arg>ENTER</arg>
</arguments>
<msg timestamp="20201028 14:28:48.355" level="INFO">Sending key(s) ('ENTER',) to xpath://input[@name="searchValue"] element.</msg>
<msg timestamp="20201028 14:28:48.754" level="INFO">Pressing special key ENTER to element.</msg>
<msg timestamp="20201028 14:28:48.754" level="INFO">Releasing special key ENTER.</msg>
<status status="PASS" starttime="20201028 14:28:48.354" endtime="20201028 14:28:49.940"></status>
</kw>
<kw name="${row} IN RANGE [ 1 | 6 ]" type="for">
<kw name="${row} = 1" type="foritem">
<kw name="Log To Console" library="BuiltIn">
<doc>Logs the given message to the console.</doc>
<arguments>
<arg>"Baris : " ${row}</arg>
</arguments>
<status status="PASS" starttime="20201028 14:28:49.942" endtime="20201028 14:28:49.946"></status>
</kw>
<kw name="Buka Halaman">
<arguments>
<arg>${row}</arg>
</arguments>
<kw name="${column} IN RANGE [ 1 | 4 ]" type="for">
<kw name="${column} = 1" type="foritem">
<kw name="Set Variable" library="BuiltIn">
<doc>Returns the given values which can then be assigned to a variables.</doc>
<arguments>
<arg>xpath://div[contains(@class, "VehicleListContainer")]/div/div[${row}]/div[${column}]/a</arg>
</arguments>
<assign>
<var>${car_article}</var>
</assign>
<msg timestamp="20201028 14:28:49.948" level="INFO">${car_article} = xpath://div[contains(@class, "VehicleListContainer")]/div/div[1]/div[1]/a</msg>
<status status="PASS" starttime="20201028 14:28:49.947" endtime="20201028 14:28:49.948"></status>
</kw>
<kw name="Log To Console" library="BuiltIn">
<doc>Logs the given message to the console.</doc>
<arguments>
<arg>"Column : " ${column}</arg>
</arguments>
<status status="PASS" starttime="20201028 14:28:49.948" endtime="20201028 14:28:49.954"></status>
</kw>
<kw name="Wait Until Element Is Visible" library="SeleniumLibrary">
<doc>Waits until the element ``locator`` is visible.</doc>
<arguments>
<arg>${car_article}</arg>
<arg>30</arg>
</arguments>
<status status="PASS" starttime="20201028 14:28:49.954" endtime="20201028 14:28:51.996"></status>
</kw>
<kw name="Get Element Attribute" library="SeleniumLibrary">
<doc>Returns the value of ``attribute`` from the element ``locator``.</doc>
<arguments>
<arg>${car_article}</arg>
<arg>href</arg>
</arguments>
<assign>
<var>${link_car_article}</var>
</assign>
<msg timestamp="20201028 14:28:52.016" level="INFO">${link_car_article} = https://garasi.id/mobil-bekas/2016-toyota-agya/00ro333</msg>
<status status="PASS" starttime="20201028 14:28:51.996" endtime="20201028 14:28:52.016"></status>
</kw>
<kw name="Go To" library="SeleniumLibrary">
<doc>Navigates the current browser window to the provided ``url``.</doc>
<arguments>
<arg>${link_car_article}</arg>
</arguments>
<msg timestamp="20201028 14:28:52.017" level="INFO">Opening url 'https://garasi.id/mobil-bekas/2016-toyota-agya/00ro333'</msg>
<status status="PASS" starttime="20201028 14:28:52.017" endtime="20201028 14:28:52.949"></status>
</kw>
<kw name="Scraping">
<arguments>
<arg>${row}</arg>
<arg>${column}</arg>
</arguments>
<kw name="Set Variable" library="BuiltIn">
<doc>Returns the given values which can then be assigned to a variables.</doc>
<arguments>
<arg>xpath=/html/body/div[2]/div[1]/main/div/div[3]/h1</arg>
</arguments>
<assign>
<var>${car_title}</var>
</assign>
<msg timestamp="20201028 14:28:52.950" level="INFO">${car_title} = xpath=/html/body/div[2]/div[1]/main/div/div[3]/h1</msg>
<status status="PASS" starttime="20201028 14:28:52.949" endtime="20201028 14:28:52.950"></status>
</kw>
<kw name="Wait Until Element Is Visible" library="SeleniumLibrary">
<doc>Waits until the element ``locator`` is visible.</doc>
<arguments>
<arg>${car_title}</arg>
</arguments>
<status status="PASS" starttime="20201028 14:28:52.950" endtime="20201028 14:28:52.972"></status>
</kw>
<kw name="Get Text" library="SeleniumLibrary">
<doc>Returns the text value of the element identified by ``locator``.</doc>
<arguments>
<arg>${car_title}</arg>
</arguments>
<assign>
<var>${car_title_text}</var>
</assign>
<msg timestamp="20201028 14:28:52.998" level="INFO">${car_title_text} = 2016 Toyota Agya G - Surat Lengkap</msg>
<status status="PASS" starttime="20201028 14:28:52.972" endtime="20201028 14:28:52.999"></status>
</kw>
<kw name="Get Text" library="SeleniumLibrary">
<doc>Returns the text value of the element identified by ``locator``.</doc>
<arguments>
<arg>xpath://span[contains(@class, "Chip_Content")]/span[2]</arg>
</arguments>
<assign>
<var>${text}</var>
</assign>
<msg timestamp="20201028 14:28:53.024" level="INFO">${text} = Foto 1 / 5</msg>
<status status="PASS" starttime="20201028 14:28:52.999" endtime="20201028 14:28:53.024"></status>
</kw>
<kw name="Get Number" library="MyFunc">
<arguments>
<arg>${text}</arg>
</arguments>
<assign>
<var>${max_number}</var>
</assign>
<msg timestamp="20201028 14:28:53.025" level="INFO">${max_number} = 5</msg>
<status status="PASS" starttime="20201028 14:28:53.024" endtime="20201028 14:28:53.025"></status>
</kw>
<kw name="Set Variable" library="BuiltIn">
<doc>Returns the given values which can then be assigned to a variables.</doc>
<arguments>
<arg>xpath=/html/body/div[2]/div[1]/main/div/div[1]/div/div[1]/div/div[1]/a/div/img</arg>
</arguments>
<assign>
<var>${img}</var>
</assign>
<msg timestamp="20201028 14:28:53.025" level="INFO">${img} = xpath=/html/body/div[2]/div[1]/main/div/div[1]/div/div[1]/div/div[1]/a/div/img</msg>
<status status="PASS" starttime="20201028 14:28:53.025" endtime="20201028 14:28:53.025"></status>
</kw>
<kw name="Wait Until Element Is Visible" library="SeleniumLibrary">
<doc>Waits until the element ``locator`` is visible.</doc>
<arguments>
<arg>${img}</arg>
<arg>30</arg>
</arguments>
<status status="PASS" starttime="20201028 14:28:53.026" endtime="20201028 14:28:53.054"></status>
</kw>
<kw name="Click Element" library="SeleniumLibrary">
<doc>Click the element identified by ``locator``.</doc>
<arguments>
<arg>${img}</arg>
</arguments>
<msg timestamp="20201028 14:28:53.054" level="INFO">Clicking element 'xpath=/html/body/div[2]/div[1]/main/div/div[1]/div/div[1]/div/div[1]/a/div/img'.</msg>
<status status="PASS" starttime="20201028 14:28:53.054" endtime="20201028 14:28:53.922"></status>
</kw>
<kw name="${no_image} IN RANGE [ 1 | ${max_number} ]" type="for">
<kw name="${no_image} = 1" type="foritem">
<kw name="Set Variable" library="BuiltIn">
<doc>Returns the given values which can then be assigned to a variables.</doc>
<arguments>
<arg>//div[contains(@class, "h-75")]/div[2]/div/div[${no_image}]/div/div/img</arg>
</arguments>
<assign>
<var>${img}</var>
</assign>
<msg timestamp="20201028 14:28:53.924" level="INFO">${img} = //div[contains(@class, "h-75")]/div[2]/div/div[1]/div/div/img</msg>
<status status="PASS" starttime="20201028 14:28:53.923" endtime="20201028 14:28:53.924"></status>
</kw>
<kw name="Wait Until Element Is Visible" library="SeleniumLibrary">
<doc>Waits until the element ``locator`` is visible.</doc>
<arguments>
<arg>${img}</arg>
<arg>30</arg>
</arguments>
<status status="PASS" starttime="20201028 14:28:53.924" endtime="20201028 14:28:54.307"></status>
</kw>
<kw name="Get Element Attribute" library="SeleniumLibrary">
<doc>Returns the value of ``attribute`` from the element ``locator``.</doc>
<arguments>
<arg>${img}</arg>
<arg>src</arg>
</arguments>
<assign>
<var>${src}</var>
</assign>
<msg timestamp="20201028 14:28:54.612" level="INFO">${src} = https://s.garasi.id/sl/768x432/vehicles/ID/images/a81555a3-0195-4827-ae11-5133f2972d23/toyota-agya-2016.jpeg</msg>
<status status="PASS" starttime="20201028 14:28:54.307" endtime="20201028 14:28:54.612"></status>
</kw>
<kw name="Save Image" library="MyFunc">
<arguments>
<arg>${src}</arg>
<arg>${no_image}</arg>
<arg>${keyword}</arg>
<arg>${car_title_text}</arg>
<arg>${row}</arg>
<arg>${column}</arg>
</arguments>
<status status="PASS" starttime="20201028 14:28:54.612" endtime="20201028 14:28:55.241"></status>
</kw>
<kw name="Click Element" library="SeleniumLibrary">
<doc>Click the element identified by ``locator``.</doc>
<arguments>
<arg>//div[contains(@class, "h-75")]/div[3]/div[2]/div/img</arg>
</arguments>
<msg timestamp="20201028 14:28:55.243" level="INFO">Clicking element '//div[contains(@class, "h-75")]/div[3]/div[2]/div/img'.</msg>
<status status="PASS" starttime="20201028 14:28:55.242" endtime="20201028 14:28:55.420"></status>
</kw>
<status status="PASS" starttime="20201028 14:28:53.923" endtime="20201028 14:28:55.420"></status>
</kw>
<kw name="${no_image} = 2" type="foritem">
<kw name="Set Variable" library="BuiltIn">
<doc>Returns the given values which can then be assigned to a variables.</doc>
<arguments>
<arg>//div[contains(@class, "h-75")]/div[2]/div/div[${no_image}]/div/div/img</arg>
</arguments>
<assign>
<var>${img}</var>
</assign>
<msg timestamp="20201028 14:28:55.421" level="INFO">${img} = //div[contains(@class, "h-75")]/div[2]/div/div[2]/div/div/img</msg>
<status status="PASS" starttime="20201028 14:28:55.421" endtime="20201028 14:28:55.421"></status>
</kw>
<kw name="Wait Until Element Is Visible" library="SeleniumLibrary">
<doc>Waits until the element ``locator`` is visible.</doc>
<arguments>
<arg>${img}</arg>
<arg>30</arg>
</arguments>
<status status="PASS" starttime="20201028 14:28:55.422" endtime="20201028 14:28:55.643"></status>
</kw>
<kw name="Get Element Attribute" library="SeleniumLibrary">
<doc>Returns the value of ``attribute`` from the element ``locator``.</doc>
<arguments>
<arg>${img}</arg>
<arg>src</arg>
</arguments>
<assign>
<var>${src}</var>
</assign>
<msg timestamp="20201028 14:28:55.661" level="INFO">${src} = https://s.garasi.id/sl/768x432/vehicles/ID/images/1871d845-e832-4635-b167-d54d0a6267a4/toyota-agya-2016.jpeg</msg>
<status status="PASS" starttime="20201028 14:28:55.644" endtime="20201028 14:28:55.661"></status>
</kw>
<kw name="Save Image" library="MyFunc">
<arguments>
<arg>${src}</arg>
<arg>${no_image}</arg>
<arg>${keyword}</arg>
<arg>${car_title_text}</arg>
<arg>${row}</arg>
<arg>${column}</arg>
</arguments>
<status status="PASS" starttime="20201028 14:28:55.662" endtime="20201028 14:28:56.151"></status>
</kw>
<kw name="Click Element" library="SeleniumLibrary">
<doc>Click the element identified by ``locator``.</doc>
<arguments>
<arg>//div[contains(@class, "h-75")]/div[3]/div[2]/div/img</arg>
</arguments>
<msg timestamp="20201028 14:28:56.152" level="INFO">Clicking element '//div[contains(@class, "h-75")]/div[3]/div[2]/div/img'.</msg>
<status status="PASS" starttime="20201028 14:28:56.151" endtime="20201028 14:28:56.222"></status>
</kw>
<status status="PASS" starttime="20201028 14:28:55.420" endtime="20201028 14:28:56.222"></status>
</kw>
<kw name="${no_image} = 3" type="foritem">
<kw name="Set Variable" library="BuiltIn">
<doc>Returns the given values which can then be assigned to a variables.</doc>
<arguments>
<arg>//div[contains(@class, "h-75")]/div[2]/div/div[${no_image}]/div/div/img</arg>
</arguments>
<assign>
<var>${img}</var>
</assign>
<msg timestamp="20201028 14:28:56.223" level="INFO">${img} = //div[contains(@class, "h-75")]/div[2]/div/div[3]/div/div/img</msg>
<status status="PASS" starttime="20201028 14:28:56.223" endtime="20201028 14:28:56.223"></status>
</kw>
<kw name="Wait Until Element Is Visible" library="SeleniumLibrary">
<doc>Waits until the element ``locator`` is visible.</doc>
<arguments>
<arg>${img}</arg>
<arg>30</arg>
</arguments>
<status status="PASS" starttime="20201028 14:28:56.223" endtime="20201028 14:28:56.258"></status>
</kw>
<kw name="Get Element Attribute" library="SeleniumLibrary">
<doc>Returns the value of ``attribute`` from the element ``locator``.</doc>
<arguments>
<arg>${img}</arg>
<arg>src</arg>
</arguments>
<assign>
<var>${src}</var>
</assign>
<msg timestamp="20201028 14:28:56.275" level="INFO">${src} = https://s.garasi.id/sl/768x432/vehicles/ID/images/26c47546-b7fd-4c87-a8d7-53b6f2c68743/toyota-agya-2016.jpeg</msg>
<status status="PASS" starttime="20201028 14:28:56.258" endtime="20201028 14:28:56.275"></status>
</kw>
<kw name="Save Image" library="MyFunc">
<arguments>
<arg>${src}</arg>
<arg>${no_image}</arg>
<arg>${keyword}</arg>
<arg>${car_title_text}</arg>
<arg>${row}</arg>
<arg>${column}</arg>
</arguments>
<status status="PASS" starttime="20201028 14:28:56.275" endtime="20201028 14:28:57.049"></status>
</kw>
<kw name="Click Element" library="SeleniumLibrary">
<doc>Click the element identified by ``locator``.</doc>
<arguments>
<arg>//div[contains(@class, "h-75")]/div[3]/div[2]/div/img</arg>
</arguments>
<msg timestamp="20201028 14:28:57.050" level="INFO">Clicking element '//div[contains(@class, "h-75")]/div[3]/div[2]/div/img'.</msg>
<status status="PASS" starttime="20201028 14:28:57.050" endtime="20201028 14:28:57.125"></status>
</kw>
<status status="PASS" starttime="20201028 14:28:56.223" endtime="20201028 14:28:57.125"></status>
</kw>
<kw name="${no_image} = 4" type="foritem">
<kw name="Set Variable" library="BuiltIn">
<doc>Returns the given values which can then be assigned to a variables.</doc>
<arguments>
<arg>//div[contains(@class, "h-75")]/div[2]/div/div[${no_image}]/div/div/img</arg>
</arguments>
<assign>
<var>${img}</var>
</assign>
<msg timestamp="20201028 14:28:57.127" level="INFO">${img} = //div[contains(@class, "h-75")]/div[2]/div/div[4]/div/div/img</msg>
<status status="PASS" starttime="20201028 14:28:57.126" endtime="20201028 14:28:57.128"></status>
</kw>
<kw name="Wait Until Element Is Visible" library="SeleniumLibrary">
<doc>Waits until the element ``locator`` is visible.</doc>
<arguments>
<arg>${img}</arg>
<arg>30</arg>
</arguments>
<status status="PASS" starttime="20201028 14:28:57.128" endtime="20201028 14:28:57.159"></status>
</kw>
<kw name="Get Element Attribute" library="SeleniumLibrary">
<doc>Returns the value of ``attribute`` from the element ``locator``.</doc>
<arguments>
<arg>${img}</arg>
<arg>src</arg>
</arguments>
<assign>
<var>${src}</var>
</assign>
<msg timestamp="20201028 14:28:57.174" level="INFO">${src} = https://s.garasi.id/sl/768x432/vehicles/ID/images/a1541a28-4bfc-4665-85f2-9658c62b369b/toyota-agya-2016.jpeg</msg>
<status status="PASS" starttime="20201028 14:28:57.159" endtime="20201028 14:28:57.174"></status>
</kw>
<kw name="Save Image" library="MyFunc">
<arguments>
<arg>${src}</arg>
<arg>${no_image}</arg>
<arg>${keyword}</arg>
<arg>${car_title_text}</arg>
<arg>${row}</arg>
<arg>${column}</arg>
</arguments>
<status status="PASS" starttime="20201028 14:28:57.174" endtime="20201028 14:28:58.166"></status>
</kw>
<kw name="Click Element" library="SeleniumLibrary">
<doc>Click the element identified by ``locator``.</doc>
<arguments>
<arg>//div[contains(@class, "h-75")]/div[3]/div[2]/div/img</arg>
</arguments>
<msg timestamp="20201028 14:28:58.167" level="INFO">Clicking element '//div[contains(@class, "h-75")]/div[3]/div[2]/div/img'.</msg>
<status status="PASS" starttime="20201028 14:28:58.166" endtime="20201028 14:28:58.242"></status>
</kw>
<status status="PASS" starttime="20201028 14:28:57.126" endtime="20201028 14:28:58.242"></status>
</kw>
<status status="PASS" starttime="20201028 14:28:53.923" endtime="20201028 14:28:58.243"></status>
</kw>
<status status="PASS" starttime="20201028 14:28:52.949" endtime="20201028 14:28:58.243"></status>
</kw>
<kw name="Go Back" library="SeleniumLibrary">
<doc>Simulates the user clicking the back button on their browser.</doc>
<status status="PASS" starttime="20201028 14:28:58.243" endtime="20201028 14:28:58.541"></status>
</kw>
<kw name="Go Back" library="SeleniumLibrary">
<doc>Simulates the user clicking the back button on their browser.</doc>
<status status="PASS" starttime="20201028 14:28:58.541" endtime="20201028 14:28:59.359"></status>
</kw>
<status status="PASS" starttime="20201028 14:28:49.947" endtime="20201028 14:28:59.359"></status>
</kw>
<kw name="${column} = 2" type="foritem">
<kw name="Set Variable" library="BuiltIn">
<doc>Returns the given values which can then be assigned to a variables.</doc>
<arguments>
<arg>xpath://div[contains(@class, "VehicleListContainer")]/div/div[${row}]/div[${column}]/a</arg>
</arguments>
<assign>
<var>${car_article}</var>
</assign>
<msg timestamp="20201028 14:28:59.360" level="INFO">${car_article} = xpath://div[contains(@class, "VehicleListContainer")]/div/div[1]/div[2]/a</msg>
<status status="PASS" starttime="20201028 14:28:59.359" endtime="20201028 14:28:59.360"></status>
</kw>
<kw name="Log To Console" library="BuiltIn">
<doc>Logs the given message to the console.</doc>
<arguments>
<arg>"Column : " ${column}</arg>
</arguments>
<status status="PASS" starttime="20201028 14:28:59.360" endtime="20201028 14:28:59.367"></status>
</kw>
<kw name="Wait Until Element Is Visible" library="SeleniumLibrary">
<doc>Waits until the element ``locator`` is visible.</doc>
<arguments>
<arg>${car_article}</arg>
<arg>30</arg>
</arguments>
<status status="PASS" starttime="20201028 14:28:59.368" endtime="20201028 14:29:01.071"></status>
</kw>
<kw name="Get Element Attribute" library="SeleniumLibrary">
<doc>Returns the value of ``attribute`` from the element ``locator``.</doc>
<arguments>
<arg>${car_article}</arg>
<arg>href</arg>
</arguments>
<assign>
<var>${link_car_article}</var>
</assign>
<msg timestamp="20201028 14:29:01.086" level="INFO">${link_car_article} = https://garasi.id/mobil-bekas/2016-toyota-agya/00rn882</msg>
<status status="PASS" starttime="20201028 14:29:01.072" endtime="20201028 14:29:01.086"></status>
</kw>
<kw name="Go To" library="SeleniumLibrary">
<doc>Navigates the current browser window to the provided ``url``.</doc>
<arguments>
<arg>${link_car_article}</arg>
</arguments>
<msg timestamp="20201028 14:29:01.087" level="INFO">Opening url 'https://garasi.id/mobil-bekas/2016-toyota-agya/00rn882'</msg>
<status status="PASS" starttime="20201028 14:29:01.086" endtime="20201028 14:29:02.152"></status>
</kw>
<kw name="Scraping">
<arguments>
<arg>${row}</arg>
<arg>${column}</arg>
</arguments>
<kw name="Set Variable" library="BuiltIn">
<doc>Returns the given values which can then be assigned to a variables.</doc>
<arguments>
<arg>xpath=/html/body/div[2]/div[1]/main/div/div[3]/h1</arg>
</arguments>
<assign>
<var>${car_title}</var>
</assign>
<msg timestamp="20201028 14:29:02.154" level="INFO">${car_title} = xpath=/html/body/div[2]/div[1]/main/div/div[3]/h1</msg>
<status status="PASS" starttime="20201028 14:29:02.153" endtime="20201028 14:29:02.154"></status>
</kw>
<kw name="Wait Until Element Is Visible" library="SeleniumLibrary">
<doc>Waits until the element ``locator`` is visible.</doc>
<arguments>
<arg>${car_title}</arg>
</arguments>
<status status="PASS" starttime="20201028 14:29:02.154" endtime="20201028 14:29:02.611"></status>
</kw>
<kw name="Get Text" library="SeleniumLibrary">
<doc>Returns the text value of the element identified by ``locator``.</doc>
<arguments>
<arg>${car_title}</arg>
</arguments>
<assign>
<var>${car_title_text}</var>
</assign>
<msg timestamp="20201028 14:29:02.672" level="INFO">${car_title_text} = 2016 Toyota Agya G - Mobil Pilihan</msg>
<status status="PASS" starttime="20201028 14:29:02.611" endtime="20201028 14:29:02.672"></status>
</kw>
<kw name="Get Text" library="SeleniumLibrary">
<doc>Returns the text value of the element identified by ``locator``.</doc>
<arguments>
<arg>xpath://span[contains(@class, "Chip_Content")]/span[2]</arg>
</arguments>
<assign>
<var>${text}</var>
</assign>
<msg timestamp="20201028 14:29:02.825" level="INFO">${text} = Foto 1 / 9</msg>
<status status="PASS" starttime="20201028 14:29:02.672" endtime="20201028 14:29:02.825"></status>
</kw>
<kw name="Get Number" library="MyFunc">
<arguments>
<arg>${text}</arg>
</arguments>
<assign>
<var>${max_number}</var>
</assign>
<msg timestamp="20201028 14:29:02.826" level="INFO">${max_number} = 9</msg>
<status status="PASS" starttime="20201028 14:29:02.825" endtime="20201028 14:29:02.826"></status>
</kw>
<kw name="Set Variable" library="BuiltIn">
<doc>Returns the given values which can then be assigned to a variables.</doc>
<arguments>
<arg>xpath=/html/body/div[2]/div[1]/main/div/div[1]/div/div[1]/div/div[1]/a/div/img</arg>
</arguments>
<assign>
<var>${img}</var>
</assign>
<msg timestamp="20201028 14:29:02.826" level="INFO">${img} = xpath=/html/body/div[2]/div[1]/main/div/div[1]/div/div[1]/div/div[1]/a/div/img</msg>
<status status="PASS" starttime="20201028 14:29:02.826" endtime="20201028 14:29:02.827"></status>
</kw>
<kw name="Wait Until Element Is Visible" library="SeleniumLibrary">
<doc>Waits until the element ``locator`` is visible.</doc>
<arguments>
<arg>${img}</arg>
<arg>30</arg>
</arguments>
<status status="PASS" starttime="20201028 14:29:02.827" endtime="20201028 14:29:03.040"></status>
</kw>
<kw name="Click Element" library="SeleniumLibrary">
<doc>Click the element identified by ``locator``.</doc>
<arguments>
<arg>${img}</arg>
</arguments>
<msg timestamp="20201028 14:29:03.040" level="INFO">Clicking element 'xpath=/html/body/div[2]/div[1]/main/div/div[1]/div/div[1]/div/div[1]/a/div/img'.</msg>
<status status="PASS" starttime="20201028 14:29:03.040" endtime="20201028 14:29:03.340"></status>
</kw>
<kw name="${no_image} IN RANGE [ 1 | ${max_number} ]" type="for">
<kw name="${no_image} = 1" type="foritem">
<kw name="Set Variable" library="BuiltIn">
<doc>Returns the given values which can then be assigned to a variables.</doc>
<arguments>
<arg>//div[contains(@class, "h-75")]/div[2]/div/div[${no_image}]/div/div/img</arg>
</arguments>
<assign>
<var>${img}</var>
</assign>
<msg timestamp="20201028 14:29:03.341" level="INFO">${img} = //div[contains(@class, "h-75")]/div[2]/div/div[1]/div/div/img</msg>
<status status="PASS" starttime="20201028 14:29:03.341" endtime="20201028 14:29:03.342"></status>
</kw>
<kw name="Wait Until Element Is Visible" library="SeleniumLibrary">
<doc>Waits until the element ``locator`` is visible.</doc>
<arguments>
<arg>${img}</arg>
<arg>30</arg>
</arguments>
<status status="PASS" starttime="20201028 14:29:03.342" endtime="20201028 14:29:03.377"></status>
</kw>
<kw name="Get Element Attribute" library="SeleniumLibrary">
<doc>Returns the value of ``attribute`` from the element ``locator``.</doc>
<arguments>
<arg>${img}</arg>
<arg>src</arg>
</arguments>
<assign>
<var>${src}</var>
</assign>
<msg timestamp="20201028 14:29:03.404" level="INFO">${src} = https://s.garasi.id/sl/768x432/vehicles/ID/images/8e07dff8-6885-43bb-bc26-55bcdc3275b0/toyota-agya-2016.jpeg</msg>
<status status="PASS" starttime="20201028 14:29:03.377" endtime="20201028 14:29:03.405"></status>
</kw>
<kw name="Save Image" library="MyFunc">
<arguments>
<arg>${src}</arg>
<arg>${no_image}</arg>
<arg>${keyword}</arg>
<arg>${car_title_text}</arg>
<arg>${row}</arg>
<arg>${column}</arg>
</arguments>
<status status="PASS" starttime="20201028 14:29:03.405" endtime="20201028 14:29:03.739"></status>
</kw>
<kw name="Click Element" library="SeleniumLibrary">
<doc>Click the element identified by ``locator``.</doc>
<arguments>
<arg>//div[contains(@class, "h-75")]/div[3]/div[2]/div/img</arg>
</arguments>
<msg timestamp="20201028 14:29:03.740" level="INFO">Clicking element '//div[contains(@class, "h-75")]/div[3]/div[2]/div/img'.</msg>
<status status="PASS" starttime="20201028 14:29:03.739" endtime="20201028 14:29:03.838"></status>
</kw>
<status status="PASS" starttime="20201028 14:29:03.340" endtime="20201028 14:29:03.839"></status>
</kw>
<kw name="${no_image} = 2" type="foritem">
<kw name="Set Variable" library="BuiltIn">
<doc>Returns the given values which can then be assigned to a variables.</doc>
<arguments>
<arg>//div[contains(@class, "h-75")]/div[2]/div/div[${no_image}]/div/div/img</arg>
</arguments>
<assign>
<var>${img}</var>
</assign>
<msg timestamp="20201028 14:29:03.840" level="INFO">${img} = //div[contains(@class, "h-75")]/div[2]/div/div[2]/div/div/img</msg>
<status status="PASS" starttime="20201028 14:29:03.839" endtime="20201028 14:29:03.840"></status>
</kw>
<kw name="Wait Until Element Is Visible" library="SeleniumLibrary">
<doc>Waits until the element ``locator`` is visible.</doc>
<arguments>
<arg>${img}</arg>
<arg>30</arg>
</arguments>
<status status="PASS" starttime="20201028 14:29:03.841" endtime="20201028 14:29:03.876"></status>
</kw>
<kw name="Get Element Attribute" library="SeleniumLibrary">
<doc>Returns the value of ``attribute`` from the element ``locator``.</doc>
<arguments>
<arg>${img}</arg>
<arg>src</arg>
</arguments>
<assign>
<var>${src}</var>
</assign>
<msg timestamp="20201028 14:29:03.902" level="INFO">${src} = https://s.garasi.id/sl/768x432/vehicles/ID/images/b1c52fcf-92c9-4111-b863-d1a6195f04d5/toyota-agya-2016.jpeg</msg>
<status status="PASS" starttime="20201028 14:29:03.876" endtime="20201028 14:29:03.903"></status>
</kw>
<kw name="Save Image" library="MyFunc">
<arguments>
<arg>${src}</arg>
<arg>${no_image}</arg>
<arg>${keyword}</arg>
<arg>${car_title_text}</arg>
<arg>${row}</arg>
<arg>${column}</arg>
</arguments>
<status status="PASS" starttime="20201028 14:29:03.903" endtime="20201028 14:29:04.329"></status>
</kw>
<kw name="Click Element" library="SeleniumLibrary">
<doc>Click the element identified by ``locator``.</doc>
<arguments>
<arg>//div[contains(@class, "h-75")]/div[3]/div[2]/div/img</arg>
</arguments>
<msg timestamp="20201028 14:29:04.330" level="INFO">Clicking element '//div[contains(@class, "h-75")]/div[3]/div[2]/div/img'.</msg>
<status status="PASS" starttime="20201028 14:29:04.329" endtime="20201028 14:29:04.401"></status>
</kw>
<status status="PASS" starttime="20201028 14:29:03.839" endtime="20201028 14:29:04.402"></status>
</kw>
<kw name="${no_image} = 3" type="foritem">
<kw name="Set Variable" library="BuiltIn">
<doc>Returns the given values which can then be assigned to a variables.</doc>
<arguments>
<arg>//div[contains(@class, "h-75")]/div[2]/div/div[${no_image}]/div/div/img</arg>
</arguments>
<assign>
<var>${img}</var>
</assign>
<msg timestamp="20201028 14:29:04.403" level="INFO">${img} = //div[contains(@class, "h-75")]/div[2]/div/div[3]/div/div/img</msg>
<status status="PASS" starttime="20201028 14:29:04.402" endtime="20201028 14:29:04.403"></status>
</kw>
<kw name="Wait Until Element Is Visible" library="SeleniumLibrary">
<doc>Waits until the element ``locator`` is visible.</doc>
<arguments>
<arg>${img}</arg>
<arg>30</arg>
</arguments>
<status status="PASS" starttime="20201028 14:29:04.403" endtime="20201028 14:29:04.428"></status>
</kw>
<kw name="Get Element Attribute" library="SeleniumLibrary">
<doc>Returns the value of ``attribute`` from the element ``locator``.</doc>
<arguments>
<arg>${img}</arg>
<arg>src</arg>
</arguments>
<assign>
<var>${src}</var>
</assign>
<msg timestamp="20201028 14:29:04.453" level="INFO">${src} = https://s.garasi.id/sl/768x432/vehicles/ID/images/d26082b1-9050-413b-a5ac-b5faf5d2528a/toyota-agya-2016.jpeg</msg>
<status status="PASS" starttime="20201028 14:29:04.428" endtime="20201028 14:29:04.453"></status>
</kw>
<kw name="Save Image" library="MyFunc">
<arguments>
<arg>${src}</arg>
<arg>${no_image}</arg>
<arg>${keyword}</arg>
<arg>${car_title_text}</arg>
<arg>${row}</arg>
<arg>${column}</arg>
</arguments>
<status status="PASS" starttime="20201028 14:29:04.453" endtime="20201028 14:29:04.808"></status>
</kw>
<kw name="Click Element" library="SeleniumLibrary">
<doc>Click the element identified by ``locator``.</doc>
<arguments>
<arg>//div[contains(@class, "h-75")]/div[3]/div[2]/div/img</arg>
</arguments>
<msg timestamp="20201028 14:29:04.810" level="INFO">Clicking element '//div[contains(@class, "h-75")]/div[3]/div[2]/div/img'.</msg>
<status status="PASS" starttime="20201028 14:29:04.809" endtime="20201028 14:29:04.885"></status>
</kw>
<status status="PASS" starttime="20201028 14:29:04.402" endtime="20201028 14:29:04.885"></status>
</kw>
<kw name="${no_image} = 4" type="foritem">
<kw name="Set Variable" library="BuiltIn">
<doc>Returns the given values which can then be assigned to a variables.</doc>
<arguments>
<arg>//div[contains(@class, "h-75")]/div[2]/div/div[${no_image}]/div/div/img</arg>
</arguments>
<assign>
<var>${img}</var>
</assign>
<msg timestamp="20201028 14:29:04.887" level="INFO">${img} = //div[contains(@class, "h-75")]/div[2]/div/div[4]/div/div/img</msg>
<status status="PASS" starttime="20201028 14:29:04.886" endtime="20201028 14:29:04.887"></status>
</kw>
<kw name="Wait Until Element Is Visible" library="SeleniumLibrary">
<doc>Waits until the element ``locator`` is visible.</doc>
<arguments>
<arg>${img}</arg>
<arg>30</arg>
</arguments>
<status status="PASS" starttime="20201028 14:29:04.887" endtime="20201028 14:29:04.911"></status>
</kw>
<kw name="Get Element Attribute" library="SeleniumLibrary">
<doc>Returns the value of ``attribute`` from the element ``locator``.</doc>
<arguments>
<arg>${img}</arg>
<arg>src</arg>
</arguments>
<assign>
<var>${src}</var>
</assign>
<msg timestamp="20201028 14:29:05.007" level="INFO">${src} = https://s.garasi.id/sl/768x432/vehicles/ID/images/1db9bdf8-34e4-4ade-85f2-c7cea4142009/toyota-agya-2016.jpeg</msg>
<status status="PASS" starttime="20201028 14:29:04.911" endtime="20201028 14:29:05.007"></status>
</kw>
<kw name="Save Image" library="MyFunc">
<arguments>
<arg>${src}</arg>
<arg>${no_image}</arg>
<arg>${keyword}</arg>
<arg>${car_title_text}</arg>
<arg>${row}</arg>
<arg>${column}</arg>
</arguments>
<status status="PASS" starttime="20201028 14:29:05.007" endtime="20201028 14:29:05.554"></status>
</kw>
<kw name="Click Element" library="SeleniumLibrary">
<doc>Click the element identified by ``locator``.</doc>
<arguments>
<arg>//div[contains(@class, "h-75")]/div[3]/div[2]/div/img</arg>
</arguments>
<msg timestamp="20201028 14:29:05.555" level="INFO">Clicking element '//div[contains(@class, "h-75")]/div[3]/div[2]/div/img'.</msg>
<status status="PASS" starttime="20201028 14:29:05.554" endtime="20201028 14:29:05.634"></status>
</kw>
<status status="PASS" starttime="20201028 14:29:04.885" endtime="20201028 14:29:05.635"></status>
</kw>
<kw name="${no_image} = 5" type="foritem">
<kw name="Set Variable" library="BuiltIn">
<doc>Returns the given values which can then be assigned to a variables.</doc>
<arguments>
<arg>//div[contains(@class, "h-75")]/div[2]/div/div[${no_image}]/div/div/img</arg>
</arguments>
<assign>
<var>${img}</var>
</assign>
<msg timestamp="20201028 14:29:05.636" level="INFO">${img} = //div[contains(@class, "h-75")]/div[2]/div/div[5]/div/div/img</msg>
<status status="PASS" starttime="20201028 14:29:05.635" endtime="20201028 14:29:05.636"></status>
</kw>
<kw name="Wait Until Element Is Visible" library="SeleniumLibrary">
<doc>Waits until the element ``locator`` is visible.</doc>
<arguments>
<arg>${img}</arg>
<arg>30</arg>
</arguments>
<status status="PASS" starttime="20201028 14:29:05.636" endtime="20201028 14:29:05.671"></status>
</kw>
<kw name="Get Element Attribute" library="SeleniumLibrary">
<doc>Returns the value of ``attribute`` from the element ``locator``.</doc>
<arguments>
<arg>${img}</arg>
<arg>src</arg>
</arguments>
<assign>
<var>${src}</var>
</assign>
<msg timestamp="20201028 14:29:05.691" level="INFO">${src} = https://s.garasi.id/sl/768x432/vehicles/ID/images/446e3b8b-3336-49e9-be45-42f8db9f86de/toyota-agya-2016.jpeg</msg>
<status status="PASS" starttime="20201028 14:29:05.671" endtime="20201028 14:29:05.691"></status>
</kw>
<kw name="Save Image" library="MyFunc">
<arguments>
<arg>${src}</arg>
<arg>${no_image}</arg>
<arg>${keyword}</arg>
<arg>${car_title_text}</arg>
<arg>${row}</arg>
<arg>${column}</arg>
</arguments>
<status status="PASS" starttime="20201028 14:29:05.691" endtime="20201028 14:29:06.073"></status>
</kw>
<kw name="Click Element" library="SeleniumLibrary">
<doc>Click the element identified by ``locator``.</doc>
<arguments>
<arg>//div[contains(@class, "h-75")]/div[3]/div[2]/div/img</arg>
</arguments>
<msg timestamp="20201028 14:29:06.074" level="INFO">Clicking element '//div[contains(@class, "h-75")]/div[3]/div[2]/div/img'.</msg>
<status status="PASS" starttime="20201028 14:29:06.074" endtime="20201028 14:29:06.144"></status>
</kw>
<status status="PASS" starttime="20201028 14:29:05.635" endtime="20201028 14:29:06.144"></status>
</kw>
<kw name="${no_image} = 6" type="foritem">
<kw name="Set Variable" library="BuiltIn">
<doc>Returns the given values which can then be assigned to a variables.</doc>
<arguments>
<arg>//div[contains(@class, "h-75")]/div[2]/div/div[${no_image}]/div/div/img</arg>
</arguments>
<assign>
<var>${img}</var>
</assign>
<msg timestamp="20201028 14:29:06.146" level="INFO">${img} = //div[contains(@class, "h-75")]/div[2]/div/div[6]/div/div/img</msg>
<status status="PASS" starttime="20201028 14:29:06.144" endtime="20201028 14:29:06.146"></status>
</kw>
<kw name="Wait Until Element Is Visible" library="SeleniumLibrary">
<doc>Waits until the element ``locator`` is visible.</doc>
<arguments>
<arg>${img}</arg>
<arg>30</arg>
</arguments>
<status status="PASS" starttime="20201028 14:29:06.146" endtime="20201028 14:29:06.193"></status>
</kw>
<kw name="Get Element Attribute" library="SeleniumLibrary">
<doc>Returns the value of ``attribute`` from the element ``locator``.</doc>
<arguments>
<arg>${img}</arg>
<arg>src</arg>
</arguments>
<assign>
<var>${src}</var>
</assign>
<msg timestamp="20201028 14:29:06.210" level="INFO">${src} = https://s.garasi.id/sl/768x432/vehicles/ID/images/5ba7d832-9336-4d9f-887b-1000a4bb77d4/toyota-agya-2016.jpeg</msg>
<status status="PASS" starttime="20201028 14:29:06.193" endtime="20201028 14:29:06.210"></status>
</kw>
<kw name="Save Image" library="MyFunc">
<arguments>
<arg>${src}</arg>
<arg>${no_image}</arg>
<arg>${keyword}</arg>
<arg>${car_title_text}</arg>
<arg>${row}</arg>
<arg>${column}</arg>
</arguments>
<status status="PASS" starttime="20201028 14:29:06.210" endtime="20201028 14:29:06.585"></status>
</kw>
<kw name="Click Element" library="SeleniumLibrary">
<doc>Click the element identified by ``locator``.</doc>
<arguments>
<arg>//div[contains(@class, "h-75")]/div[3]/div[2]/div/img</arg>
</arguments>
<msg timestamp="20201028 14:29:06.586" level="INFO">Clicking element '//div[contains(@class, "h-75")]/div[3]/div[2]/div/img'.</msg>
<status status="PASS" starttime="20201028 14:29:06.585" endtime="20201028 14:29:06.693"></status>
</kw>
<status status="PASS" starttime="20201028 14:29:06.144" endtime="20201028 14:29:06.693"></status>
</kw>
<kw name="${no_image} = 7" type="foritem">
<kw name="Set Variable" library="BuiltIn">
<doc>Returns the given values which can then be assigned to a variables.</doc>
<arguments>
<arg>//div[contains(@class, "h-75")]/div[2]/div/div[${no_image}]/div/div/img</arg>
</arguments>
<assign>
<var>${img}</var>
</assign>
<msg timestamp="20201028 14:29:06.693" level="INFO">${img} = //div[contains(@class, "h-75")]/div[2]/div/div[7]/div/div/img</msg>
<status status="PASS" starttime="20201028 14:29:06.693" endtime="20201028 14:29:06.693"></status>
</kw>
<kw name="Wait Until Element Is Visible" library="SeleniumLibrary">
<doc>Waits until the element ``locator`` is visible.</doc>
<arguments>
<arg>${img}</arg>
<arg>30</arg>
</arguments>
<status status="PASS" starttime="20201028 14:29:06.694" endtime="20201028 14:29:06.745"></status>
</kw>
<kw name="Get Element Attribute" library="SeleniumLibrary">
<doc>Returns the value of ``attribute`` from the element ``locator``.</doc>
<arguments>
<arg>${img}</arg>
<arg>src</arg>
</arguments>
<assign>
<var>${src}</var>
</assign>
<msg timestamp="20201028 14:29:06.777" level="INFO">${src} = https://s.garasi.id/sl/768x432/vehicles/ID/images/8f61e207-c951-45bf-b80b-c8695d6b1954/toyota-agya-2016.jpeg</msg>
<status status="PASS" starttime="20201028 14:29:06.745" endtime="20201028 14:29:06.777"></status>
</kw>
<kw name="Save Image" library="MyFunc">
<arguments>
<arg>${src}</arg>
<arg>${no_image}</arg>
<arg>${keyword}</arg>
<arg>${car_title_text}</arg>
<arg>${row}</arg>
<arg>${column}</arg>
</arguments>
<status status="PASS" starttime="20201028 14:29:06.777" endtime="20201028 14:29:07.133"></status>
</kw>
<kw name="Click Element" library="SeleniumLibrary">
<doc>Click the element identified by ``locator``.</doc>
<arguments>
<arg>//div[contains(@class, "h-75")]/div[3]/div[2]/div/img</arg>
</arguments>
<msg timestamp="20201028 14:29:07.135" level="INFO">Clicking element '//div[contains(@class, "h-75")]/div[3]/div[2]/div/img'.</msg>
<status status="PASS" starttime="20201028 14:29:07.134" endtime="20201028 14:29:07.228"></status>
</kw>
<status status="PASS" starttime="20201028 14:29:06.693" endtime="20201028 14:29:07.228"></status>
</kw>
<kw name="${no_image} = 8" type="foritem">
<kw name="Set Variable" library="BuiltIn">
<doc>Returns the given values which can then be assigned to a variables.</doc>
<arguments>
<arg>//div[contains(@class, "h-75")]/div[2]/div/div[${no_image}]/div/div/img</arg>
</arguments>
<assign>
<var>${img}</var>
</assign>
<msg timestamp="20201028 14:29:07.231" level="INFO">${img} = //div[contains(@class, "h-75")]/div[2]/div/div[8]/div/div/img</msg>
<status status="PASS" starttime="20201028 14:29:07.229" endtime="20201028 14:29:07.231"></status>
</kw>
<kw name="Wait Until Element Is Visible" library="SeleniumLibrary">
<doc>Waits until the element ``locator`` is visible.</doc>
<arguments>
<arg>${img}</arg>
<arg>30</arg>
</arguments>
<status status="PASS" starttime="20201028 14:29:07.231" endtime="20201028 14:29:07.279"></status>
</kw>
<kw name="Get Element Attribute" library="SeleniumLibrary">
<doc>Returns the value of ``attribute`` from the element ``locator``.</doc>
<arguments>
<arg>${img}</arg>
<arg>src</arg>
</arguments>
<assign>
<var>${src}</var>
</assign>
<msg timestamp="20201028 14:29:07.308" level="INFO">${src} = https://s.garasi.id/sl/768x432/vehicles/ID/images/7ae1659c-743c-427e-a455-7bf784fcaba3/toyota-agya-2016.jpeg</msg>
<status status="PASS" starttime="20201028 14:29:07.279" endtime="20201028 14:29:07.308"></status>
</kw>
<kw name="Save Image" library="MyFunc">
<arguments>
<arg>${src}</arg>
<arg>${no_image}</arg>
<arg>${keyword}</arg>
<arg>${car_title_text}</arg>
<arg>${row}</arg>
<arg>${column}</arg>
</arguments>
<status status="PASS" starttime="20201028 14:29:07.308" endtime="20201028 14:29:07.666"></status>
</kw>
<kw name="Click Element" library="SeleniumLibrary">
<doc>Click the element identified by ``locator``.</doc>
<arguments>
<arg>//div[contains(@class, "h-75")]/div[3]/div[2]/div/img</arg>
</arguments>
<msg timestamp="20201028 14:29:07.667" level="INFO">Clicking element '//div[contains(@class, "h-75")]/div[3]/div[2]/div/img'.</msg>
<status status="PASS" starttime="20201028 14:29:07.666" endtime="20201028 14:29:07.742"></status>
</kw>
<status status="PASS" starttime="20201028 14:29:07.229" endtime="20201028 14:29:07.743"></status>
</kw>
<status status="PASS" starttime="20201028 14:29:03.340" endtime="20201028 14:29:07.743"></status>
</kw>
<status status="PASS" starttime="20201028 14:29:02.152" endtime="20201028 14:29:07.743"></status>
</kw>
<kw name="Go Back" library="SeleniumLibrary">
<doc>Simulates the user clicking the back button on their browser.</doc>
<status status="PASS" starttime="20201028 14:29:07.743" endtime="20201028 14:29:07.814"></status>
</kw>
<kw name="Go Back" library="SeleniumLibrary">
<doc>Simulates the user clicking the back button on their browser.</doc>
<status status="PASS" starttime="20201028 14:29:07.814" endtime="20201028 14:29:08.240"></status>
</kw>
<status status="PASS" starttime="20201028 14:28:59.359" endtime="20201028 14:29:08.240"></status>
</kw>
<kw name="${column} = 3" type="foritem">
<kw name="Set Variable" library="BuiltIn">
<doc>Returns the given values which can then be assigned to a variables.</doc>
<arguments>
<arg>xpath://div[contains(@class, "VehicleListContainer")]/div/div[${row}]/div[${column}]/a</arg>
</arguments>
<assign>
<var>${car_article}</var>
</assign>
<msg timestamp="20201028 14:29:08.241" level="INFO">${car_article} = xpath://div[contains(@class, "VehicleListContainer")]/div/div[1]/div[3]/a</msg>
<status status="PASS" starttime="20201028 14:29:08.241" endtime="20201028 14:29:08.241"></status>
</kw>
<kw name="Log To Console" library="BuiltIn">
<doc>Logs the given message to the console.</doc>
<arguments>
<arg>"Column : " ${column}</arg>
</arguments>
<status status="PASS" starttime="20201028 14:29:08.241" endtime="20201028 14:29:08.242"></status>
</kw>
<kw name="Wait Until Element Is Visible" library="SeleniumLibrary">
<doc>Waits until the element ``locator`` is visible.</doc>
<arguments>
<arg>${car_article}</arg>
<arg>30</arg>
</arguments>
<status status="PASS" starttime="20201028 14:29:08.242" endtime="20201028 14:29:08.994"></status>
</kw>
<kw name="Get Element Attribute" library="SeleniumLibrary">
<doc>Returns the value of ``attribute`` from the element ``locator``.</doc>
<arguments>
<arg>${car_article}</arg>
<arg>href</arg>
</arguments>
<assign>
<var>${link_car_article}</var>
</assign>
<msg timestamp="20201028 14:29:09.238" level="INFO">${link_car_article} = https://garasi.id/mobil-bekas/2016-toyota-agya/00ro333</msg>
<status status="PASS" starttime="20201028 14:29:08.994" endtime="20201028 14:29:09.238"></status>
</kw>
<kw name="Go To" library="SeleniumLibrary">
<doc>Navigates the current browser window to the provided ``url``.</doc>
<arguments>
<arg>${link_car_article}</arg>
</arguments>
<msg timestamp="20201028 14:29:09.239" level="INFO">Opening url 'https://garasi.id/mobil-bekas/2016-toyota-agya/00ro333'</msg>
<status status="PASS" starttime="20201028 14:29:09.239" endtime="20201028 14:29:10.108"></status>
</kw>
<kw name="Scraping">
<arguments>
<arg>${row}</arg>
<arg>${column}</arg>
</arguments>
<kw name="Set Variable" library="BuiltIn">
<doc>Returns the given values which can then be assigned to a variables.</doc>
<arguments>
<arg>xpath=/html/body/div[2]/div[1]/main/div/div[3]/h1</arg>
</arguments>
<assign>
<var>${car_title}</var>
</assign>
<msg timestamp="20201028 14:29:10.110" level="INFO">${car_title} = xpath=/html/body/div[2]/div[1]/main/div/div[3]/h1</msg>
<status status="PASS" starttime="20201028 14:29:10.109" endtime="20201028 14:29:10.110"></status>
</kw>
<kw name="Wait Until Element Is Visible" library="SeleniumLibrary">
<doc>Waits until the element ``locator`` is visible.</doc>
<arguments>
<arg>${car_title}</arg>
</arguments>
<status status="PASS" starttime="20201028 14:29:10.110" endtime="20201028 14:29:10.562"></status>
</kw>
<kw name="Get Text" library="SeleniumLibrary">
<doc>Returns the text value of the element identified by ``locator``.</doc>
<arguments>
<arg>${car_title}</arg>
</arguments>
<assign>
<var>${car_title_text}</var>
</assign>
<msg timestamp="20201028 14:29:10.608" level="INFO">${car_title_text} = 2016 Toyota Agya G - Surat Lengkap</msg>
<status status="PASS" starttime="20201028 14:29:10.563" endtime="20201028 14:29:10.608"></status>
</kw>
<kw name="Get Text" library="SeleniumLibrary">
<doc>Returns the text value of the element identified by ``locator``.</doc>
<arguments>
<arg>xpath://span[contains(@class, "Chip_Content")]/span[2]</arg>
</arguments>
<assign>
<var>${text}</var>
</assign>
<msg timestamp="20201028 14:29:10.731" level="INFO">${text} = Foto 1 / 5</msg>
<status status="PASS" starttime="20201028 14:29:10.608" endtime="20201028 14:29:10.731"></status>
</kw>
<kw name="Get Number" library="MyFunc">
<arguments>
<arg>${text}</arg>
</arguments>
<assign>
<var>${max_number}</var>
</assign>
<msg timestamp="20201028 14:29:10.732" level="INFO">${max_number} = 5</msg>
<status status="PASS" starttime="20201028 14:29:10.731" endtime="20201028 14:29:10.732"></status>
</kw>
<kw name="Set Variable" library="BuiltIn">
<doc>Returns the given values which can then be assigned to a variables.</doc>
<arguments>
<arg>xpath=/html/body/div[2]/div[1]/main/div/div[1]/div/div[1]/div/div[1]/a/div/img</arg>
</arguments>
<assign>
<var>${img}</var>
</assign>
<msg timestamp="20201028 14:29:10.733" level="INFO">${img} = xpath=/html/body/div[2]/div[1]/main/div/div[1]/div/div[1]/div/div[1]/a/div/img</msg>
<status status="PASS" starttime="20201028 14:29:10.732" endtime="20201028 14:29:10.733"></status>
</kw>
<kw name="Wait Until Element Is Visible" library="SeleniumLibrary">
<doc>Waits until the element ``locator`` is visible.</doc>
<arguments>
<arg>${img}</arg>
<arg>30</arg>
</arguments>
<status status="PASS" starttime="20201028 14:29:10.733" endtime="20201028 14:29:11.046"></status>
</kw>
<kw name="Click Element" library="SeleniumLibrary">
<doc>Click the element identified by ``locator``.</doc>
<arguments>
<arg>${img}</arg>
</arguments>
<msg timestamp="20201028 14:29:11.047" level="INFO">Clicking element 'xpath=/html/body/div[2]/div[1]/main/div/div[1]/div/div[1]/div/div[1]/a/div/img'.</msg>
<status status="PASS" starttime="20201028 14:29:11.047" endtime="20201028 14:29:11.323"></status>
</kw>
<kw name="${no_image} IN RANGE [ 1 | ${max_number} ]" type="for">
<kw name="${no_image} = 1" type="foritem">
<kw name="Set Variable" library="BuiltIn">
<doc>Returns the given values which can then be assigned to a variables.</doc>
<arguments>
<arg>//div[contains(@class, "h-75")]/div[2]/div/div[${no_image}]/div/div/img</arg>
</arguments>
<assign>
<var>${img}</var>
</assign>
<msg timestamp="20201028 14:29:11.325" level="INFO">${img} = //div[contains(@class, "h-75")]/div[2]/div/div[1]/div/div/img</msg>
<status status="PASS" starttime="20201028 14:29:11.324" endtime="20201028 14:29:11.325"></status>
</kw>
<kw name="Wait Until Element Is Visible" library="SeleniumLibrary">
<doc>Waits until the element ``locator`` is visible.</doc>
<arguments>
<arg>${img}</arg>
<arg>30</arg>
</arguments>
<status status="PASS" starttime="20201028 14:29:11.325" endtime="20201028 14:29:11.390"></status>
</kw>
<kw name="Get Element Attribute" library="SeleniumLibrary">
<doc>Returns the value of ``attribute`` from the element ``locator``.</doc>
<arguments>
<arg>${img}</arg>
<arg>src</arg>
</arguments>
<assign>
<var>${src}</var>
</assign>
<msg timestamp="20201028 14:29:11.411" level="INFO">${src} = https://s.garasi.id/sl/768x432/vehicles/ID/images/a81555a3-0195-4827-ae11-5133f2972d23/toyota-agya-2016.jpeg</msg>
<status status="PASS" starttime="20201028 14:29:11.390" endtime="20201028 14:29:11.412"></status>
</kw>
<kw name="Save Image" library="MyFunc">
<arguments>
<arg>${src}</arg>
<arg>${no_image}</arg>
<arg>${keyword}</arg>
<arg>${car_title_text}</arg>
<arg>${row}</arg>
<arg>${column}</arg>
</arguments>
<status status="PASS" starttime="20201028 14:29:11.412" endtime="20201028 14:29:11.809"></status>
</kw>
<kw name="Click Element" library="SeleniumLibrary">
<doc>Click the element identified by ``locator``.</doc>
<arguments>
<arg>//div[contains(@class, "h-75")]/div[3]/div[2]/div/img</arg>
</arguments>
<msg timestamp="20201028 14:29:11.810" level="INFO">Clicking element '//div[contains(@class, "h-75")]/div[3]/div[2]/div/img'.</msg>
<status status="PASS" starttime="20201028 14:29:11.809" endtime="20201028 14:29:11.908"></status>
</kw>
<status status="PASS" starttime="20201028 14:29:11.324" endtime="20201028 14:29:11.908"></status>
</kw>
<kw name="${no_image} = 2" type="foritem">
<kw name="Set Variable" library="BuiltIn">
<doc>Returns the given values which can then be assigned to a variables.</doc>
<arguments>
<arg>//div[contains(@class, "h-75")]/div[2]/div/div[${no_image}]/div/div/img</arg>
</arguments>
<assign>
<var>${img}</var>
</assign>
<msg timestamp="20201028 14:29:11.909" level="INFO">${img} = //div[contains(@class, "h-75")]/div[2]/div/div[2]/div/div/img</msg>
<status status="PASS" starttime="20201028 14:29:11.908" endtime="20201028 14:29:11.909"></status>
</kw>
<kw name="Wait Until Element Is Visible" library="SeleniumLibrary">
<doc>Waits until the element ``locator`` is visible.</doc>
<arguments>
<arg>${img}</arg>
<arg>30</arg>
</arguments>
<status status="PASS" starttime="20201028 14:29:11.909" endtime="20201028 14:29:11.944"></status>
</kw>
<kw name="Get Element Attribute" library="SeleniumLibrary">
<doc>Returns the value of ``attribute`` from the element ``locator``.</doc>
<arguments>
<arg>${img}</arg>
<arg>src</arg>
</arguments>
<assign>
<var>${src}</var>
</assign>
<msg timestamp="20201028 14:29:11.962" level="INFO">${src} = https://s.garasi.id/sl/768x432/vehicles/ID/images/1871d845-e832-4635-b167-d54d0a6267a4/toyota-agya-2016.jpeg</msg>
<status status="PASS" starttime="20201028 14:29:11.944" endtime="20201028 14:29:11.962"></status>
</kw>
<kw name="Save Image" library="MyFunc">
<arguments>
<arg>${src}</arg>
<arg>${no_image}</arg>
<arg>${keyword}</arg>
<arg>${car_title_text}</arg>
<arg>${row}</arg>
<arg>${column}</arg>
</arguments>
<status status="PASS" starttime="20201028 14:29:11.962" endtime="20201028 14:29:12.350"></status>
</kw>
<kw name="Click Element" library="SeleniumLibrary">
<doc>Click the element identified by ``locator``.</doc>
<arguments>
<arg>//div[contains(@class, "h-75")]/div[3]/div[2]/div/img</arg>
</arguments>
<msg timestamp="20201028 14:29:12.352" level="INFO">Clicking element '//div[contains(@class, "h-75")]/div[3]/div[2]/div/img'.</msg>
<status status="PASS" starttime="20201028 14:29:12.351" endtime="20201028 14:29:12.432"></status>
</kw>
<status status="PASS" starttime="20201028 14:29:11.908" endtime="20201028 14:29:12.432"></status>
</kw>
<kw name="${no_image} = 3" type="foritem">
<kw name="Set Variable" library="BuiltIn">
<doc>Returns the given values which can then be assigned to a variables.</doc>
<arguments>
<arg>//div[contains(@class, "h-75")]/div[2]/div/div[${no_image}]/div/div/img</arg>
</arguments>
<assign>
<var>${img}</var>
</assign>
<msg timestamp="20201028 14:29:12.433" level="INFO">${img} = //div[contains(@class, "h-75")]/div[2]/div/div[3]/div/div/img</msg>
<status status="PASS" starttime="20201028 14:29:12.432" endtime="20201028 14:29:12.433"></status>
</kw>
<kw name="Wait Until Element Is Visible" library="SeleniumLibrary">
<doc>Waits until the element ``locator`` is visible.</doc>
<arguments>
<arg>${img}</arg>
<arg>30</arg>
</arguments>
<status status="PASS" starttime="20201028 14:29:12.433" endtime="20201028 14:29:12.460"></status>
</kw>
<kw name="Get Element Attribute" library="SeleniumLibrary">
<doc>Returns the value of ``attribute`` from the element ``locator``.</doc>
<arguments>
<arg>${img}</arg>
<arg>src</arg>
</arguments>
<assign>
<var>${src}</var>
</assign>
<msg timestamp="20201028 14:29:12.478" level="INFO">${src} = https://s.garasi.id/sl/768x432/vehicles/ID/images/26c47546-b7fd-4c87-a8d7-53b6f2c68743/toyota-agya-2016.jpeg</msg>
<status status="PASS" starttime="20201028 14:29:12.460" endtime="20201028 14:29:12.478"></status>
</kw>
<kw name="Save Image" library="MyFunc">
<arguments>
<arg>${src}</arg>
<arg>${no_image}</arg>
<arg>${keyword}</arg>
<arg>${car_title_text}</arg>
<arg>${row}</arg>
<arg>${column}</arg>
</arguments>
<status status="PASS" starttime="20201028 14:29:12.478" endtime="20201028 14:29:12.971"></status>
</kw>
<kw name="Click Element" library="SeleniumLibrary">
<doc>Click the element identified by ``locator``.</doc>
<arguments>
<arg>//div[contains(@class, "h-75")]/div[3]/div[2]/div/img</arg>
</arguments>
<msg timestamp="20201028 14:29:12.971" level="INFO">Clicking element '//div[contains(@class, "h-75")]/div[3]/div[2]/div/img'.</msg>
<status status="PASS" starttime="20201028 14:29:12.971" endtime="20201028 14:29:13.037"></status>
</kw>
<status status="PASS" starttime="20201028 14:29:12.432" endtime="20201028 14:29:13.038"></status>
</kw>
<kw name="${no_image} = 4" type="foritem">
<kw name="Set Variable" library="BuiltIn">
<doc>Returns the given values which can then be assigned to a variables.</doc>
<arguments>
<arg>//div[contains(@class, "h-75")]/div[2]/div/div[${no_image}]/div/div/img</arg>
</arguments>
<assign>
<var>${img}</var>
</assign>
<msg timestamp="20201028 14:29:13.039" level="INFO">${img} = //div[contains(@class, "h-75")]/div[2]/div/div[4]/div/div/img</msg>
<status status="PASS" starttime="20201028 14:29:13.038" endtime="20201028 14:29:13.039"></status>
</kw>
<kw name="Wait Until Element Is Visible" library="SeleniumLibrary">
<doc>Waits until the element ``locator`` is visible.</doc>
<arguments>
<arg>${img}</arg>
<arg>30</arg>
</arguments>
<status status="PASS" starttime="20201028 14:29:13.039" endtime="20201028 14:29:13.091"></status>
</kw>
<kw name="Get Element Attribute" library="SeleniumLibrary">
<doc>Returns the value of ``attribute`` from the element ``locator``.</doc>
<arguments>
<arg>${img}</arg>
<arg>src</arg>
</arguments>
<assign>
<var>${src}</var>
</assign>
<msg timestamp="20201028 14:29:13.111" level="INFO">${src} = https://s.garasi.id/sl/768x432/vehicles/ID/images/a1541a28-4bfc-4665-85f2-9658c62b369b/toyota-agya-2016.jpeg</msg>
<status status="PASS" starttime="20201028 14:29:13.091" endtime="20201028 14:29:13.111"></status>
</kw>
<kw name="Save Image" library="MyFunc">
<arguments>
<arg>${src}</arg>
<arg>${no_image}</arg>
<arg>${keyword}</arg>
<arg>${car_title_text}</arg>
<arg>${row}</arg>
<arg>${column}</arg>
</arguments>
<status status="PASS" starttime="20201028 14:29:13.111" endtime="20201028 14:29:13.600"></status>
</kw>
<kw name="Click Element" library="SeleniumLibrary">
<doc>Click the element identified by ``locator``.</doc>
<arguments>
<arg>//div[contains(@class, "h-75")]/div[3]/div[2]/div/img</arg>
</arguments>
<msg timestamp="20201028 14:29:13.601" level="INFO">Clicking element '//div[contains(@class, "h-75")]/div[3]/div[2]/div/img'.</msg>
<status status="PASS" starttime="20201028 14:29:13.600" endtime="20201028 14:29:13.673"></status>
</kw>
<status status="PASS" starttime="20201028 14:29:13.038" endtime="20201028 14:29:13.673"></status>
</kw>
<status status="PASS" starttime="20201028 14:29:11.323" endtime="20201028 14:29:13.673"></status>
</kw>
<status status="PASS" starttime="20201028 14:29:10.108" endtime="20201028 14:29:13.674"></status>
</kw>
<kw name="Go Back" library="SeleniumLibrary">
<doc>Simulates the user clicking the back button on their browser.</doc>
<status status="PASS" starttime="20201028 14:29:13.674" endtime="20201028 14:29:13.730"></status>
</kw>
<kw name="Go Back" library="SeleniumLibrary">
<doc>Simulates the user clicking the back button on their browser.</doc>
<status status="PASS" starttime="20201028 14:29:13.730" endtime="20201028 14:29:14.466"></status>
</kw>
<status status="PASS" starttime="20201028 14:29:08.241" endtime="20201028 14:29:14.466"></status>
</kw>
<status status="PASS" starttime="20201028 14:28:49.947" endtime="20201028 14:29:14.466"></status>
</kw>
<status status="PASS" starttime="20201028 14:28:49.946" endtime="20201028 14:29:14.467"></status>
</kw>
<status status="PASS" starttime="20201028 14:28:49.942" endtime="20201028 14:29:14.467"></status>
</kw>
<kw name="${row} = 2" type="foritem">
<kw name="Log To Console" library="BuiltIn">
<doc>Logs the given message to the console.</doc>
<arguments>
<arg>"Baris : " ${row}</arg>
</arguments>
<status status="PASS" starttime="20201028 14:29:14.469" endtime="20201028 14:29:14.470"></status>
</kw>
<kw name="Buka Halaman">
<arguments>
<arg>${row}</arg>
</arguments>
<kw name="${column} IN RANGE [ 1 | 4 ]" type="for">
<kw name="${column} = 1" type="foritem">
<kw name="Set Variable" library="BuiltIn">
<doc>Returns the given values which can then be assigned to a variables.</doc>
<arguments>
<arg>xpath://div[contains(@class, "VehicleListContainer")]/div/div[${row}]/div[${column}]/a</arg>
</arguments>
<assign>
<var>${car_article}</var>
</assign>
<msg timestamp="20201028 14:29:14.473" level="INFO">${car_article} = xpath://div[contains(@class, "VehicleListContainer")]/div/div[2]/div[1]/a</msg>
<status status="PASS" starttime="20201028 14:29:14.472" endtime="20201028 14:29:14.473"></status>
</kw>
<kw name="Log To Console" library="BuiltIn">
<doc>Logs the given message to the console.</doc>
<arguments>
<arg>"Column : " ${column}</arg>
</arguments>
<status status="PASS" starttime="20201028 14:29:14.473" endtime="20201028 14:29:14.474"></status>
</kw>
<kw name="Wait Until Element Is Visible" library="SeleniumLibrary">
<doc>Waits until the element ``locator`` is visible.</doc>
<arguments>
<arg>${car_article}</arg>
<arg>30</arg>
</arguments>
<status status="PASS" starttime="20201028 14:29:14.474" endtime="20201028 14:29:15.274"></status>
</kw>
<kw name="Get Element Attribute" library="SeleniumLibrary">
<doc>Returns the value of ``attribute`` from the element ``locator``.</doc>
<arguments>
<arg>${car_article}</arg>
<arg>href</arg>
</arguments>
<assign>
<var>${link_car_article}</var>
</assign>
<msg timestamp="20201028 14:29:15.678" level="INFO">${link_car_article} = https://garasi.id/mobil-bekas/2014-toyota-agya/00ro269</msg>
<status status="PASS" starttime="20201028 14:29:15.274" endtime="20201028 14:29:15.678"></status>
</kw>
<kw name="Go To" library="SeleniumLibrary">
<doc>Navigates the current browser window to the provided ``url``.</doc>
<arguments>
<arg>${link_car_article}</arg>
</arguments>
<msg timestamp="20201028 14:29:15.679" level="INFO">Opening url 'https://garasi.id/mobil-bekas/2014-toyota-agya/00ro269'</msg>
<status status="PASS" starttime="20201028 14:29:15.678" endtime="20201028 14:29:16.598"></status>
</kw>
<kw name="Scraping">
<arguments>
<arg>${row}</arg>
<arg>${column}</arg>
</arguments>
<kw name="Set Variable" library="BuiltIn">
<doc>Returns the given values which can then be assigned to a variables.</doc>
<arguments>
<arg>xpath=/html/body/div[2]/div[1]/main/div/div[3]/h1</arg>
</arguments>
<assign>
<var>${car_title}</var>
</assign>
<msg timestamp="20201028 14:29:16.600" level="INFO">${car_title} = xpath=/html/body/div[2]/div[1]/main/div/div[3]/h1</msg>
<status status="PASS" starttime="20201028 14:29:16.599" endtime="20201028 14:29:16.600"></status>
</kw>
<kw name="Wait Until Element Is Visible" library="SeleniumLibrary">
<doc>Waits until the element ``locator`` is visible.</doc>
<arguments>
<arg>${car_title}</arg>
</arguments>
<status status="PASS" starttime="20201028 14:29:16.600" endtime="20201028 14:29:16.929"></status>
</kw>
<kw name="Get Text" library="SeleniumLibrary">
<doc>Returns the text value of the element identified by ``locator``.</doc>
<arguments>
<arg>${car_title}</arg>
</arguments>
<assign>
<var>${car_title_text}</var>
</assign>
<msg timestamp="20201028 14:29:16.954" level="INFO">${car_title_text} = 2014 Toyota Agya Trd - Mulus Langsung Pakai</msg>
<status status="PASS" starttime="20201028 14:29:16.929" endtime="20201028 14:29:16.954"></status>
</kw>
<kw name="Get Text" library="SeleniumLibrary">
<doc>Returns the text value of the element identified by ``locator``.</doc>
<arguments>
<arg>xpath://span[contains(@class, "Chip_Content")]/span[2]</arg>
</arguments>
<assign>
<var>${text}</var>
</assign>
<msg timestamp="20201028 14:29:16.978" level="INFO">${text} = Foto 1 / 6</msg>
<status status="PASS" starttime="20201028 14:29:16.955" endtime="20201028 14:29:16.979"></status>
</kw>
<kw name="Get Number" library="MyFunc">
<arguments>
<arg>${text}</arg>
</arguments>
<assign>
<var>${max_number}</var>
</assign>
<msg timestamp="20201028 14:29:16.979" level="INFO">${max_number} = 6</msg>
<status status="PASS" starttime="20201028 14:29:16.979" endtime="20201028 14:29:16.979"></status>
</kw>
<kw name="Set Variable" library="BuiltIn">
<doc>Returns the given values which can then be assigned to a variables.</doc>
<arguments>
<arg>xpath=/html/body/div[2]/div[1]/main/div/div[1]/div/div[1]/div/div[1]/a/div/img</arg>
</arguments>
<assign>
<var>${img}</var>
</assign>
<msg timestamp="20201028 14:29:16.980" level="INFO">${img} = xpath=/html/body/div[2]/div[1]/main/div/div[1]/div/div[1]/div/div[1]/a/div/img</msg>
<status status="PASS" starttime="20201028 14:29:16.980" endtime="20201028 14:29:16.980"></status>
</kw>
<kw name="Wait Until Element Is Visible" library="SeleniumLibrary">
<doc>Waits until the element ``locator`` is visible.</doc>
<arguments>
<arg>${img}</arg>
<arg>30</arg>
</arguments>
<status status="PASS" starttime="20201028 14:29:16.980" endtime="20201028 14:29:16.999"></status>
</kw>
<kw name="Click Element" library="SeleniumLibrary">
<doc>Click the element identified by ``locator``.</doc>
<arguments>
<arg>${img}</arg>
</arguments>
<msg timestamp="20201028 14:29:17.000" level="INFO">Clicking element 'xpath=/html/body/div[2]/div[1]/main/div/div[1]/div/div[1]/div/div[1]/a/div/img'.</msg>
<status status="PASS" starttime="20201028 14:29:16.999" endtime="20201028 14:29:17.374"></status>
</kw>
<kw name="${no_image} IN RANGE [ 1 | ${max_number} ]" type="for">
<kw name="${no_image} = 1" type="foritem">
<kw name="Set Variable" library="BuiltIn">
<doc>Returns the given values which can then be assigned to a variables.</doc>
<arguments>
<arg>//div[contains(@class, "h-75")]/div[2]/div/div[${no_image}]/div/div/img</arg>
</arguments>
<assign>
<var>${img}</var>
</assign>
<msg timestamp="20201028 14:29:17.376" level="INFO">${img} = //div[contains(@class, "h-75")]/div[2]/div/div[1]/div/div/img</msg>
<status status="PASS" starttime="20201028 14:29:17.375" endtime="20201028 14:29:17.376"></status>
</kw>
<kw name="Wait Until Element Is Visible" library="SeleniumLibrary">
<doc>Waits until the element ``locator`` is visible.</doc>
<arguments>
<arg>${img}</arg>
<arg>30</arg>
</arguments>
<status status="PASS" starttime="20201028 14:29:17.376" endtime="20201028 14:29:17.677"></status>
</kw>
<kw name="Get Element Attribute" library="SeleniumLibrary">
<doc>Returns the value of ``attribute`` from the element ``locator``.</doc>
<arguments>
<arg>${img}</arg>
<arg>src</arg>
</arguments>
<assign>
<var>${src}</var>
</assign>
<msg timestamp="20201028 14:29:17.698" level="INFO">${src} = https://s.garasi.id/sl/768x432/vehicles/ID/images/355cd265-7ff0-494f-95e9-d57d9bad6654/toyota-agya-2014.jpeg</msg>
<status status="PASS" starttime="20201028 14:29:17.678" endtime="20201028 14:29:17.698"></status>
</kw>
<kw name="Save Image" library="MyFunc">
<arguments>
<arg>${src}</arg>
<arg>${no_image}</arg>
<arg>${keyword}</arg>
<arg>${car_title_text}</arg>
<arg>${row}</arg>
<arg>${column}</arg>
</arguments>
<status status="PASS" starttime="20201028 14:29:17.698" endtime="20201028 14:29:18.103"></status>
</kw>
<kw name="Click Element" library="SeleniumLibrary">
<doc>Click the element identified by ``locator``.</doc>
<arguments>
<arg>//div[contains(@class, "h-75")]/div[3]/div[2]/div/img</arg>
</arguments>
<msg timestamp="20201028 14:29:18.105" level="INFO">Clicking element '//div[contains(@class, "h-75")]/div[3]/div[2]/div/img'.</msg>
<status status="PASS" starttime="20201028 14:29:18.104" endtime="20201028 14:29:18.210"></status>
</kw>
<status status="PASS" starttime="20201028 14:29:17.375" endtime="20201028 14:29:18.210"></status>
</kw>
<kw name="${no_image} = 2" type="foritem">
<kw name="Set Variable" library="BuiltIn">
<doc>Returns the given values which can then be assigned to a variables.</doc>
<arguments>
<arg>//div[contains(@class, "h-75")]/div[2]/div/div[${no_image}]/div/div/img</arg>
</arguments>
<assign>
<var>${img}</var>
</assign>
<msg timestamp="20201028 14:29:18.213" level="INFO">${img} = //div[contains(@class, "h-75")]/div[2]/div/div[2]/div/div/img</msg>
<status status="PASS" starttime="20201028 14:29:18.212" endtime="20201028 14:29:18.213"></status>
</kw>
<kw name="Wait Until Element Is Visible" library="SeleniumLibrary">
<doc>Waits until the element ``locator`` is visible.</doc>
<arguments>
<arg>${img}</arg>
<arg>30</arg>
</arguments>
<status status="PASS" starttime="20201028 14:29:18.213" endtime="20201028 14:29:18.238"></status>
</kw>
<kw name="Get Element Attribute" library="SeleniumLibrary">
<doc>Returns the value of ``attribute`` from the element ``locator``.</doc>
<arguments>
<arg>${img}</arg>
<arg>src</arg>
</arguments>
<assign>
<var>${src}</var>
</assign>
<msg timestamp="20201028 14:29:18.250" level="INFO">${src} = https://s.garasi.id/sl/768x432/vehicles/ID/images/a56c1fcb-880c-4aff-9c01-b470ea500bc2/toyota-agya-2014.jpeg</msg>
<status status="PASS" starttime="20201028 14:29:18.238" endtime="20201028 14:29:18.250"></status>
</kw>
<kw name="Save Image" library="MyFunc">
<arguments>
<arg>${src}</arg>
<arg>${no_image}</arg>
<arg>${keyword}</arg>
<arg>${car_title_text}</arg>
<arg>${row}</arg>
<arg>${column}</arg>
</arguments>
<status status="PASS" starttime="20201028 14:29:18.250" endtime="20201028 14:29:18.590"></status>
</kw>
<kw name="Click Element" library="SeleniumLibrary">
<doc>Click the element identified by ``locator``.</doc>
<arguments>
<arg>//div[contains(@class, "h-75")]/div[3]/div[2]/div/img</arg>
</arguments>
<msg timestamp="20201028 14:29:18.591" level="INFO">Clicking element '//div[contains(@class, "h-75")]/div[3]/div[2]/div/img'.</msg>
<status status="PASS" starttime="20201028 14:29:18.591" endtime="20201028 14:29:18.641"></status>
</kw>
<status status="PASS" starttime="20201028 14:29:18.211" endtime="20201028 14:29:18.642"></status>
</kw>
<kw name="${no_image} = 3" type="foritem">
<kw name="Set Variable" library="BuiltIn">
<doc>Returns the given values which can then be assigned to a variables.</doc>
<arguments>
<arg>//div[contains(@class, "h-75")]/div[2]/div/div[${no_image}]/div/div/img</arg>
</arguments>
<assign>
<var>${img}</var>
</assign>
<msg timestamp="20201028 14:29:18.643" level="INFO">${img} = //div[contains(@class, "h-75")]/div[2]/div/div[3]/div/div/img</msg>
<status status="PASS" starttime="20201028 14:29:18.642" endtime="20201028 14:29:18.643"></status>
</kw>
<kw name="Wait Until Element Is Visible" library="SeleniumLibrary">
<doc>Waits until the element ``locator`` is visible.</doc>
<arguments>
<arg>${img}</arg>
<arg>30</arg>
</arguments>
<status status="PASS" starttime="20201028 14:29:18.644" endtime="20201028 14:29:18.667"></status>
</kw>
<kw name="Get Element Attribute" library="SeleniumLibrary">
<doc>Returns the value of ``attribute`` from the element ``locator``.</doc>
<arguments>
<arg>${img}</arg>
<arg>src</arg>
</arguments>
<assign>
<var>${src}</var>
</assign>
<msg timestamp="20201028 14:29:18.684" level="INFO">${src} = https://s.garasi.id/sl/768x432/vehicles/ID/images/cdda57ef-ec1a-4dde-993d-a21fd2b9ac0d/toyota-agya-2014.jpeg</msg>
<status status="PASS" starttime="20201028 14:29:18.667" endtime="20201028 14:29:18.684"></status>
</kw>
<kw name="Save Image" library="MyFunc">
<arguments>
<arg>${src}</arg>
<arg>${no_image}</arg>
<arg>${keyword}</arg>
<arg>${car_title_text}</arg>
<arg>${row}</arg>
<arg>${column}</arg>
</arguments>
<status status="PASS" starttime="20201028 14:29:18.684" endtime="20201028 14:29:19.090"></status>
</kw>
<kw name="Click Element" library="SeleniumLibrary">
<doc>Click the element identified by ``locator``.</doc>
<arguments>
<arg>//div[contains(@class, "h-75")]/div[3]/div[2]/div/img</arg>
</arguments>
<msg timestamp="20201028 14:29:19.091" level="INFO">Clicking element '//div[contains(@class, "h-75")]/div[3]/div[2]/div/img'.</msg>
<status status="PASS" starttime="20201028 14:29:19.090" endtime="20201028 14:29:19.160"></status>
</kw>
<status status="PASS" starttime="20201028 14:29:18.642" endtime="20201028 14:29:19.160"></status>
</kw>
<kw name="${no_image} = 4" type="foritem">
<kw name="Set Variable" library="BuiltIn">
<doc>Returns the given values which can then be assigned to a variables.</doc>
<arguments>
<arg>//div[contains(@class, "h-75")]/div[2]/div/div[${no_image}]/div/div/img</arg>
</arguments>
<assign>
<var>${img}</var>
</assign>
<msg timestamp="20201028 14:29:19.161" level="INFO">${img} = //div[contains(@class, "h-75")]/div[2]/div/div[4]/div/div/img</msg>
<status status="PASS" starttime="20201028 14:29:19.160" endtime="20201028 14:29:19.161"></status>
</kw>
<kw name="Wait Until Element Is Visible" library="SeleniumLibrary">
<doc>Waits until the element ``locator`` is visible.</doc>
<arguments>
<arg>${img}</arg>
<arg>30</arg>
</arguments>
<status status="PASS" starttime="20201028 14:29:19.162" endtime="20201028 14:29:19.193"></status>
</kw>
<kw name="Get Element Attribute" library="SeleniumLibrary">
<doc>Returns the value of ``attribute`` from the element ``locator``.</doc>
<arguments>
<arg>${img}</arg>
<arg>src</arg>
</arguments>
<assign>
<var>${src}</var>
</assign>
<msg timestamp="20201028 14:29:19.216" level="INFO">${src} = https://s.garasi.id/sl/768x432/vehicles/ID/images/2979cbcc-13d4-4f02-b8c8-6114f5d8dc78/toyota-agya-2014.jpeg</msg>
<status status="PASS" starttime="20201028 14:29:19.194" endtime="20201028 14:29:19.216"></status>
</kw>
<kw name="Save Image" library="MyFunc">
<arguments>
<arg>${src}</arg>
<arg>${no_image}</arg>
<arg>${keyword}</arg>
<arg>${car_title_text}</arg>
<arg>${row}</arg>
<arg>${column}</arg>
</arguments>
<status status="PASS" starttime="20201028 14:29:19.216" endtime="20201028 14:29:19.632"></status>
</kw>
<kw name="Click Element" library="SeleniumLibrary">
<doc>Click the element identified by ``locator``.</doc>
<arguments>
<arg>//div[contains(@class, "h-75")]/div[3]/div[2]/div/img</arg>
</arguments>
<msg timestamp="20201028 14:29:19.634" level="INFO">Clicking element '//div[contains(@class, "h-75")]/div[3]/div[2]/div/img'.</msg>
<status status="PASS" starttime="20201028 14:29:19.633" endtime="20201028 14:29:19.707"></status>
</kw>
<status status="PASS" starttime="20201028 14:29:19.160" endtime="20201028 14:29:19.707"></status>
</kw>
<kw name="${no_image} = 5" type="foritem">
<kw name="Set Variable" library="BuiltIn">
<doc>Returns the given values which can then be assigned to a variables.</doc>
<arguments>
<arg>//div[contains(@class, "h-75")]/div[2]/div/div[${no_image}]/div/div/img</arg>
</arguments>
<assign>
<var>${img}</var>
</assign>
<msg timestamp="20201028 14:29:19.709" level="INFO">${img} = //div[contains(@class, "h-75")]/div[2]/div/div[5]/div/div/img</msg>
<status status="PASS" starttime="20201028 14:29:19.707" endtime="20201028 14:29:19.709"></status>
</kw>
<kw name="Wait Until Element Is Visible" library="SeleniumLibrary">
<doc>Waits until the element ``locator`` is visible.</doc>
<arguments>
<arg>${img}</arg>
<arg>30</arg>
</arguments>
<status status="PASS" starttime="20201028 14:29:19.709" endtime="20201028 14:29:19.732"></status>
</kw>
<kw name="Get Element Attribute" library="SeleniumLibrary">
<doc>Returns the value of ``attribute`` from the element ``locator``.</doc>
<arguments>
<arg>${img}</arg>
<arg>src</arg>
</arguments>
<assign>
<var>${src}</var>
</assign>
<msg timestamp="20201028 14:29:19.758" level="INFO">${src} = https://s.garasi.id/sl/768x432/vehicles/ID/images/4b1da0d2-d796-4b69-806d-b553332cf87f/toyota-agya-2014.jpeg</msg>
<status status="PASS" starttime="20201028 14:29:19.733" endtime="20201028 14:29:19.758"></status>
</kw>
<kw name="Save Image" library="MyFunc">
<arguments>
<arg>${src}</arg>
<arg>${no_image}</arg>
<arg>${keyword}</arg>
<arg>${car_title_text}</arg>
<arg>${row}</arg>
<arg>${column}</arg>
</arguments>
<status status="PASS" starttime="20201028 14:29:19.758" endtime="20201028 14:29:20.137"></status>
</kw>
<kw name="Click Element" library="SeleniumLibrary">
<doc>Click the element identified by ``locator``.</doc>
<arguments>
<arg>//div[contains(@class, "h-75")]/div[3]/div[2]/div/img</arg>
</arguments>
<msg timestamp="20201028 14:29:20.139" level="INFO">Clicking element '//div[contains(@class, "h-75")]/div[3]/div[2]/div/img'.</msg>
<status status="PASS" starttime="20201028 14:29:20.138" endtime="20201028 14:29:20.213"></status>
</kw>
<status status="PASS" starttime="20201028 14:29:19.707" endtime="20201028 14:29:20.214"></status>
</kw>
<status status="PASS" starttime="20201028 14:29:17.374" endtime="20201028 14:29:20.214"></status>
</kw>
<status status="PASS" starttime="20201028 14:29:16.598" endtime="20201028 14:29:20.214"></status>
</kw>
<kw name="Go Back" library="SeleniumLibrary">
<doc>Simulates the user clicking the back button on their browser.</doc>
<status status="PASS" starttime="20201028 14:29:20.214" endtime="20201028 14:29:20.279"></status>
</kw>
<kw name="Go Back" library="SeleniumLibrary">
<doc>Simulates the user clicking the back button on their browser.</doc>
<status status="PASS" starttime="20201028 14:29:20.279" endtime="20201028 14:29:20.547"></status>
</kw>
<status status="PASS" starttime="20201028 14:29:14.472" endtime="20201028 14:29:20.547"></status>
</kw>
<kw name="${column} = 2" type="foritem">
<kw name="Set Variable" library="BuiltIn">
<doc>Returns the given values which can then be assigned to a variables.</doc>
<arguments>
<arg>xpath://div[contains(@class, "VehicleListContainer")]/div/div[${row}]/div[${column}]/a</arg>
</arguments>
<assign>
<var>${car_article}</var>
</assign>
<msg timestamp="20201028 14:29:20.549" level="INFO">${car_article} = xpath://div[contains(@class, "VehicleListContainer")]/div/div[2]/div[2]/a</msg>
<status status="PASS" starttime="20201028 14:29:20.548" endtime="20201028 14:29:20.549"></status>
</kw>
<kw name="Log To Console" library="BuiltIn">
<doc>Logs the given message to the console.</doc>
<arguments>
<arg>"Column : " ${column}</arg>
</arguments>
<status status="PASS" starttime="20201028 14:29:20.549" endtime="20201028 14:29:20.565"></status>
</kw>
<kw name="Wait Until Element Is Visible" library="SeleniumLibrary">
<doc>Waits until the element ``locator`` is visible.</doc>
<arguments>
<arg>${car_article}</arg>
<arg>30</arg>
</arguments>
<status status="PASS" starttime="20201028 14:29:20.566" endtime="20201028 14:29:20.777"></status>
</kw>
<kw name="Get Element Attribute" library="SeleniumLibrary">
<doc>Returns the value of ``attribute`` from the element ``locator``.</doc>
<arguments>
<arg>${car_article}</arg>
<arg>href</arg>
</arguments>
<assign>
<var>${link_car_article}</var>
</assign>
<msg timestamp="20201028 14:29:21.364" level="INFO">${link_car_article} = https://garasi.id/mobil-bekas/2014-toyota-agya/00ro224</msg>
<status status="PASS" starttime="20201028 14:29:20.778" endtime="20201028 14:29:21.364"></status>
</kw>
<kw name="Go To" library="SeleniumLibrary">
<doc>Navigates the current browser window to the provided ``url``.</doc>
<arguments>
<arg>${link_car_article}</arg>
</arguments>
<msg timestamp="20201028 14:29:21.365" level="INFO">Opening url 'https://garasi.id/mobil-bekas/2014-toyota-agya/00ro224'</msg>
<status status="PASS" starttime="20201028 14:29:21.365" endtime="20201028 14:29:22.477"></status>
</kw>
<kw name="Scraping">
<arguments>
<arg>${row}</arg>
<arg>${column}</arg>
</arguments>
<kw name="Set Variable" library="BuiltIn">
<doc>Returns the given values which can then be assigned to a variables.</doc>
<arguments>
<arg>xpath=/html/body/div[2]/div[1]/main/div/div[3]/h1</arg>
</arguments>
<assign>
<var>${car_title}</var>
</assign>
<msg timestamp="20201028 14:29:22.478" level="INFO">${car_title} = xpath=/html/body/div[2]/div[1]/main/div/div[3]/h1</msg>
<status status="PASS" starttime="20201028 14:29:22.477" endtime="20201028 14:29:22.478"></status>
</kw>
<kw name="Wait Until Element Is Visible" library="SeleniumLibrary">
<doc>Waits until the element ``locator`` is visible.</doc>
<arguments>
<arg>${car_title}</arg>
</arguments>
<status status="PASS" starttime="20201028 14:29:22.478" endtime="20201028 14:29:22.698"></status>
</kw>
<kw name="Get Text" library="SeleniumLibrary">
<doc>Returns the text value of the element identified by ``locator``.</doc>
<arguments>
<arg>${car_title}</arg>
</arguments>
<assign>
<var>${car_title_text}</var>
</assign>
<msg timestamp="20201028 14:29:22.733" level="INFO">${car_title_text} = 2014 Toyota Agya 1.2 - Tangan pertama dari baru</msg>
<status status="PASS" starttime="20201028 14:29:22.699" endtime="20201028 14:29:22.734"></status>
</kw>
<kw name="Get Text" library="SeleniumLibrary">
<doc>Returns the text value of the element identified by ``locator``.</doc>
<arguments>
<arg>xpath://span[contains(@class, "Chip_Content")]/span[2]</arg>
</arguments>
<assign>
<var>${text}</var>
</assign>
<msg timestamp="20201028 14:29:22.900" level="INFO">${text} = Foto 1 / 5</msg>
<status status="PASS" starttime="20201028 14:29:22.734" endtime="20201028 14:29:22.900"></status>
</kw>
<kw name="Get Number" library="MyFunc">
<arguments>
<arg>${text}</arg>
</arguments>
<assign>
<var>${max_number}</var>
</assign>
<msg timestamp="20201028 14:29:22.901" level="INFO">${max_number} = 5</msg>
<status status="PASS" starttime="20201028 14:29:22.900" endtime="20201028 14:29:22.902"></status>
</kw>
<kw name="Set Variable" library="BuiltIn">
<doc>Returns the given values which can then be assigned to a variables.</doc>
<arguments>
<arg>xpath=/html/body/div[2]/div[1]/main/div/div[1]/div/div[1]/div/div[1]/a/div/img</arg>
</arguments>
<assign>
<var>${img}</var>
</assign>
<msg timestamp="20201028 14:29:22.903" level="INFO">${img} = xpath=/html/body/div[2]/div[1]/main/div/div[1]/div/div[1]/div/div[1]/a/div/img</msg>
<status status="PASS" starttime="20201028 14:29:22.902" endtime="20201028 14:29:22.903"></status>
</kw>
<kw name="Wait Until Element Is Visible" library="SeleniumLibrary">
<doc>Waits until the element ``locator`` is visible.</doc>
<arguments>
<arg>${img}</arg>
<arg>30</arg>
</arguments>
<status status="PASS" starttime="20201028 14:29:22.903" endtime="20201028 14:29:22.925"></status>
</kw>
<kw name="Click Element" library="SeleniumLibrary">
<doc>Click the element identified by ``locator``.</doc>
<arguments>
<arg>${img}</arg>
</arguments>
<msg timestamp="20201028 14:29:22.926" level="INFO">Clicking element 'xpath=/html/body/div[2]/div[1]/main/div/div[1]/div/div[1]/div/div[1]/a/div/img'.</msg>
<status status="PASS" starttime="20201028 14:29:22.926" endtime="20201028 14:29:23.290"></status>
</kw>
<kw name="${no_image} IN RANGE [ 1 | ${max_number} ]" type="for">
<kw name="${no_image} = 1" type="foritem">
<kw name="Set Variable" library="BuiltIn">
<doc>Returns the given values which can then be assigned to a variables.</doc>
<arguments>
<arg>//div[contains(@class, "h-75")]/div[2]/div/div[${no_image}]/div/div/img</arg>
</arguments>
<assign>
<var>${img}</var>
</assign>
<msg timestamp="20201028 14:29:23.291" level="INFO">${img} = //div[contains(@class, "h-75")]/div[2]/div/div[1]/div/div/img</msg>
<status status="PASS" starttime="20201028 14:29:23.291" endtime="20201028 14:29:23.292"></status>
</kw>
<kw name="Wait Until Element Is Visible" library="SeleniumLibrary">
<doc>Waits until the element ``locator`` is visible.</doc>
<arguments>
<arg>${img}</arg>
<arg>30</arg>
</arguments>
<status status="PASS" starttime="20201028 14:29:23.292" endtime="20201028 14:29:23.448"></status>
</kw>
<kw name="Get Element Attribute" library="SeleniumLibrary">
<doc>Returns the value of ``attribute`` from the element ``locator``.</doc>
<arguments>
[...]
<kw name="Wait Until Element Is Visible" library="SeleniumLibrary">
<doc>Waits until the element ``locator`` is visible.</doc>
<arguments>
<arg>${car_title}</arg>
</arguments>
<status status="PASS" starttime="20201028 14:30:54.662" endtime="20201028 14:30:55.297"></status>
</kw>
<kw name="Get Text" library="SeleniumLibrary">
<doc>Returns the text value of the element identified by ``locator``.</doc>
<arguments>
<arg>${car_title}</arg>
</arguments>
<assign>
<var>${car_title_text}</var>
</assign>
<msg timestamp="20201028 14:30:55.325" level="INFO">${car_title_text} = 2019 Toyota Agya TRD - Mobil Pilihan</msg>
<status status="PASS" starttime="20201028 14:30:55.297" endtime="20201028 14:30:55.325"></status>
</kw>
<kw name="Get Text" library="SeleniumLibrary">
<doc>Returns the text value of the element identified by ``locator``.</doc>
<arguments>
<arg>xpath://span[contains(@class, "Chip_Content")]/span[2]</arg>
</arguments>
<assign>
<var>${text}</var>
</assign>
<msg timestamp="20201028 14:30:55.347" level="INFO">${text} = Foto 1 / 8</msg>
<status status="PASS" starttime="20201028 14:30:55.325" endtime="20201028 14:30:55.347"></status>
</kw>
<kw name="Get Number" library="MyFunc">
<arguments>
<arg>${text}</arg>
</arguments>
<assign>
<var>${max_number}</var>
</assign>
<msg timestamp="20201028 14:30:55.347" level="INFO">${max_number} = 8</msg>
<status status="PASS" starttime="20201028 14:30:55.347" endtime="20201028 14:30:55.347"></status>
</kw>
<kw name="Set Variable" library="BuiltIn">
<doc>Returns the given values which can then be assigned to a variables.</doc>
<arguments>
<arg>xpath=/html/body/div[2]/div[1]/main/div/div[1]/div/div[1]/div/div[1]/a/div/img</arg>
</arguments>
<assign>
<var>${img}</var>
</assign>
<msg timestamp="20201028 14:30:55.348" level="INFO">${img} = xpath=/html/body/div[2]/div[1]/main/div/div[1]/div/div[1]/div/div[1]/a/div/img</msg>
<status status="PASS" starttime="20201028 14:30:55.347" endtime="20201028 14:30:55.348"></status>
</kw>
<kw name="Wait Until Element Is Visible" library="SeleniumLibrary">
<doc>Waits until the element ``locator`` is visible.</doc>
<arguments>
<arg>${img}</arg>
<arg>30</arg>
</arguments>
<status status="PASS" starttime="20201028 14:30:55.348" endtime="20201028 14:30:55.364"></status>
</kw>
<kw name="Click Element" library="SeleniumLibrary">
<doc>Click the element identified by ``locator``.</doc>
<arguments>
<arg>${img}</arg>
</arguments>
<msg timestamp="20201028 14:30:55.365" level="INFO">Clicking element 'xpath=/html/body/div[2]/div[1]/main/div/div[1]/div/div[1]/div/div[1]/a/div/img'.</msg>
<status status="PASS" starttime="20201028 14:30:55.364" endtime="20201028 14:30:55.688"></status>
</kw>
<kw name="${no_image} IN RANGE [ 1 | ${max_number} ]" type="for">
<kw name="${no_image} = 1" type="foritem">
<kw name="Set Variable" library="BuiltIn">
<doc>Returns the given values which can then be assigned to a variables.</doc>
<arguments>
<arg>//div[contains(@class, "h-75")]/div[2]/div/div[${no_image}]/div/div/img</arg>
</arguments>
<assign>
<var>${img}</var>
</assign>
<msg timestamp="20201028 14:30:55.690" level="INFO">${img} = //div[contains(@class, "h-75")]/div[2]/div/div[1]/div/div/img</msg>
<status status="PASS" starttime="20201028 14:30:55.689" endtime="20201028 14:30:55.690"></status>
</kw>
<kw name="Wait Until Element Is Visible" library="SeleniumLibrary">
<doc>Waits until the element ``locator`` is visible.</doc>
<arguments>
<arg>${img}</arg>
<arg>30</arg>
</arguments>
<status status="PASS" starttime="20201028 14:30:55.690" endtime="20201028 14:30:55.837"></status>
</kw>
<kw name="Get Element Attribute" library="SeleniumLibrary">
<doc>Returns the value of ``attribute`` from the element ``locator``.</doc>
<arguments>
<arg>${img}</arg>
<arg>src</arg>
</arguments>
<assign>
<var>${src}</var>
</assign>
<msg timestamp="20201028 14:30:55.857" level="INFO">${src} = https://s.garasi.id/sl/768x432/vehicles/ID/images/055d52e9-8302-45c1-a799-73ba4a0bea7c/toyota-agya-2019.jpeg</msg>
<status status="PASS" starttime="20201028 14:30:55.838" endtime="20201028 14:30:55.857"></status>
</kw>
<kw name="Save Image" library="MyFunc">
<arguments>
<arg>${src}</arg>
<arg>${no_image}</arg>
<arg>${keyword}</arg>
<arg>${car_title_text}</arg>
<arg>${row}</arg>
<arg>${column}</arg>
</arguments>
<status status="PASS" starttime="20201028 14:30:55.857" endtime="20201028 14:30:56.446"></status>
</kw>
<kw name="Click Element" library="SeleniumLibrary">
<doc>Click the element identified by ``locator``.</doc>
<arguments>
<arg>//div[contains(@class, "h-75")]/div[3]/div[2]/div/img</arg>
</arguments>
<msg timestamp="20201028 14:30:56.447" level="INFO">Clicking element '//div[contains(@class, "h-75")]/div[3]/div[2]/div/img'.</msg>
<status status="PASS" starttime="20201028 14:30:56.446" endtime="20201028 14:30:56.527"></status>
</kw>
<status status="PASS" starttime="20201028 14:30:55.689" endtime="20201028 14:30:56.527"></status>
</kw>
<kw name="${no_image} = 2" type="foritem">
<kw name="Set Variable" library="BuiltIn">
<doc>Returns the given values which can then be assigned to a variables.</doc>
<arguments>
<arg>//div[contains(@class, "h-75")]/div[2]/div/div[${no_image}]/div/div/img</arg>
</arguments>
<assign>
<var>${img}</var>
</assign>
<msg timestamp="20201028 14:30:56.528" level="INFO">${img} = //div[contains(@class, "h-75")]/div[2]/div/div[2]/div/div/img</msg>
<status status="PASS" starttime="20201028 14:30:56.527" endtime="20201028 14:30:56.528"></status>
</kw>
<kw name="Wait Until Element Is Visible" library="SeleniumLibrary">
<doc>Waits until the element ``locator`` is visible.</doc>
<arguments>
<arg>${img}</arg>
<arg>30</arg>
</arguments>
<status status="PASS" starttime="20201028 14:30:56.528" endtime="20201028 14:30:56.562"></status>
</kw>
<kw name="Get Element Attribute" library="SeleniumLibrary">
<doc>Returns the value of ``attribute`` from the element ``locator``.</doc>
<arguments>
<arg>${img}</arg>
<arg>src</arg>
</arguments>
<assign>
<var>${src}</var>
</assign>
<msg timestamp="20201028 14:30:56.578" level="INFO">${src} = https://s.garasi.id/sl/768x432/vehicles/ID/images/8d454a46-62ee-4c5c-86ef-1911847ee767/toyota-agya-2019.jpeg</msg>
<status status="PASS" starttime="20201028 14:30:56.563" endtime="20201028 14:30:56.578"></status>
</kw>
<kw name="Save Image" library="MyFunc">
<arguments>
<arg>${src}</arg>
<arg>${no_image}</arg>
<arg>${keyword}</arg>
<arg>${car_title_text}</arg>
<arg>${row}</arg>
<arg>${column}</arg>
</arguments>
<status status="PASS" starttime="20201028 14:30:56.578" endtime="20201028 14:30:56.952"></status>
</kw>
<kw name="Click Element" library="SeleniumLibrary">
<doc>Click the element identified by ``locator``.</doc>
<arguments>
<arg>//div[contains(@class, "h-75")]/div[3]/div[2]/div/img</arg>
</arguments>
<msg timestamp="20201028 14:30:56.954" level="INFO">Clicking element '//div[contains(@class, "h-75")]/div[3]/div[2]/div/img'.</msg>
<status status="PASS" starttime="20201028 14:30:56.953" endtime="20201028 14:30:57.016"></status>
</kw>
<status status="PASS" starttime="20201028 14:30:56.527" endtime="20201028 14:30:57.016"></status>
</kw>
<kw name="${no_image} = 3" type="foritem">
<kw name="Set Variable" library="BuiltIn">
<doc>Returns the given values which can then be assigned to a variables.</doc>
<arguments>
<arg>//div[contains(@class, "h-75")]/div[2]/div/div[${no_image}]/div/div/img</arg>
</arguments>
<assign>
<var>${img}</var>
</assign>
<msg timestamp="20201028 14:30:57.017" level="INFO">${img} = //div[contains(@class, "h-75")]/div[2]/div/div[3]/div/div/img</msg>
<status status="PASS" starttime="20201028 14:30:57.017" endtime="20201028 14:30:57.018"></status>
</kw>
<kw name="Wait Until Element Is Visible" library="SeleniumLibrary">
<doc>Waits until the element ``locator`` is visible.</doc>
<arguments>
<arg>${img}</arg>
<arg>30</arg>
</arguments>
<status status="PASS" starttime="20201028 14:30:57.018" endtime="20201028 14:30:57.058"></status>
</kw>
<kw name="Get Element Attribute" library="SeleniumLibrary">
<doc>Returns the value of ``attribute`` from the element ``locator``.</doc>
<arguments>
<arg>${img}</arg>
<arg>src</arg>
</arguments>
<assign>
<var>${src}</var>
</assign>
<msg timestamp="20201028 14:30:57.076" level="INFO">${src} = https://s.garasi.id/sl/768x432/vehicles/ID/images/2df4152c-15c3-4cbd-b401-97c2c629193d/toyota-agya-2019.jpeg</msg>
<status status="PASS" starttime="20201028 14:30:57.058" endtime="20201028 14:30:57.076"></status>
</kw>
<kw name="Save Image" library="MyFunc">
<arguments>
<arg>${src}</arg>
<arg>${no_image}</arg>
<arg>${keyword}</arg>
<arg>${car_title_text}</arg>
<arg>${row}</arg>
<arg>${column}</arg>
</arguments>
<status status="PASS" starttime="20201028 14:30:57.076" endtime="20201028 14:30:57.923"></status>
</kw>
<kw name="Click Element" library="SeleniumLibrary">
<doc>Click the element identified by ``locator``.</doc>
<arguments>
<arg>//div[contains(@class, "h-75")]/div[3]/div[2]/div/img</arg>
</arguments>
<msg timestamp="20201028 14:30:57.923" level="INFO">Clicking element '//div[contains(@class, "h-75")]/div[3]/div[2]/div/img'.</msg>
<status status="PASS" starttime="20201028 14:30:57.923" endtime="20201028 14:30:57.990"></status>
</kw>
<status status="PASS" starttime="20201028 14:30:57.016" endtime="20201028 14:30:57.991"></status>
</kw>
<kw name="${no_image} = 4" type="foritem">
<kw name="Set Variable" library="BuiltIn">
<doc>Returns the given values which can then be assigned to a variables.</doc>
<arguments>
<arg>//div[contains(@class, "h-75")]/div[2]/div/div[${no_image}]/div/div/img</arg>
</arguments>
<assign>
<var>${img}</var>
</assign>
<msg timestamp="20201028 14:30:57.992" level="INFO">${img} = //div[contains(@class, "h-75")]/div[2]/div/div[4]/div/div/img</msg>
<status status="PASS" starttime="20201028 14:30:57.991" endtime="20201028 14:30:57.992"></status>
</kw>
<kw name="Wait Until Element Is Visible" library="SeleniumLibrary">
<doc>Waits until the element ``locator`` is visible.</doc>
<arguments>
<arg>${img}</arg>
<arg>30</arg>
</arguments>
<status status="PASS" starttime="20201028 14:30:57.992" endtime="20201028 14:30:58.028"></status>
</kw>
<kw name="Get Element Attribute" library="SeleniumLibrary">
<doc>Returns the value of ``attribute`` from the element ``locator``.</doc>
<arguments>
<arg>${img}</arg>
<arg>src</arg>
</arguments>
<assign>
<var>${src}</var>
</assign>
<msg timestamp="20201028 14:30:58.048" level="INFO">${src} = https://s.garasi.id/sl/768x432/vehicles/ID/images/fa795287-6ecb-4f27-91ec-b9414fa2aeb5/toyota-agya-2019.jpeg</msg>
<status status="PASS" starttime="20201028 14:30:58.029" endtime="20201028 14:30:58.048"></status>
</kw>
<kw name="Save Image" library="MyFunc">
<arguments>
<arg>${src}</arg>
<arg>${no_image}</arg>
<arg>${keyword}</arg>
<arg>${car_title_text}</arg>
<arg>${row}</arg>
<arg>${column}</arg>
</arguments>
<status status="PASS" starttime="20201028 14:30:58.049" endtime="20201028 14:30:58.559"></status>
</kw>
<kw name="Click Element" library="SeleniumLibrary">
<doc>Click the element identified by ``locator``.</doc>
<arguments>
<arg>//div[contains(@class, "h-75")]/div[3]/div[2]/div/img</arg>
</arguments>
<msg timestamp="20201028 14:30:58.560" level="INFO">Clicking element '//div[contains(@class, "h-75")]/div[3]/div[2]/div/img'.</msg>
<status status="PASS" starttime="20201028 14:30:58.560" endtime="20201028 14:30:58.611"></status>
</kw>
<status status="PASS" starttime="20201028 14:30:57.991" endtime="20201028 14:30:58.611"></status>
</kw>
<kw name="${no_image} = 5" type="foritem">
<kw name="Set Variable" library="BuiltIn">
<doc>Returns the given values which can then be assigned to a variables.</doc>
<arguments>
<arg>//div[contains(@class, "h-75")]/div[2]/div/div[${no_image}]/div/div/img</arg>
</arguments>
<assign>
<var>${img}</var>
</assign>
<msg timestamp="20201028 14:30:58.613" level="INFO">${img} = //div[contains(@class, "h-75")]/div[2]/div/div[5]/div/div/img</msg>
<status status="PASS" starttime="20201028 14:30:58.612" endtime="20201028 14:30:58.613"></status>
</kw>
<kw name="Wait Until Element Is Visible" library="SeleniumLibrary">
<doc>Waits until the element ``locator`` is visible.</doc>
<arguments>
<arg>${img}</arg>
<arg>30</arg>
</arguments>
<status status="PASS" starttime="20201028 14:30:58.613" endtime="20201028 14:30:58.644"></status>
</kw>
<kw name="Get Element Attribute" library="SeleniumLibrary">
<doc>Returns the value of ``attribute`` from the element ``locator``.</doc>
<arguments>
<arg>${img}</arg>
<arg>src</arg>
</arguments>
<assign>
<var>${src}</var>
</assign>
<msg timestamp="20201028 14:30:58.674" level="INFO">${src} = https://s.garasi.id/sl/768x432/vehicles/ID/images/282fc51b-a9ac-42fa-96ec-4247c10a71fc/toyota-agya-2019.jpeg</msg>
<status status="PASS" starttime="20201028 14:30:58.644" endtime="20201028 14:30:58.674"></status>
</kw>
<kw name="Save Image" library="MyFunc">
<arguments>
<arg>${src}</arg>
<arg>${no_image}</arg>
<arg>${keyword}</arg>
<arg>${car_title_text}</arg>
<arg>${row}</arg>
<arg>${column}</arg>
</arguments>
<status status="PASS" starttime="20201028 14:30:58.675" endtime="20201028 14:30:59.103"></status>
</kw>
<kw name="Click Element" library="SeleniumLibrary">
<doc>Click the element identified by ``locator``.</doc>
<arguments>
<arg>//div[contains(@class, "h-75")]/div[3]/div[2]/div/img</arg>
</arguments>
<msg timestamp="20201028 14:30:59.103" level="INFO">Clicking element '//div[contains(@class, "h-75")]/div[3]/div[2]/div/img'.</msg>
<status status="PASS" starttime="20201028 14:30:59.103" endtime="20201028 14:30:59.161"></status>
</kw>
<status status="PASS" starttime="20201028 14:30:58.611" endtime="20201028 14:30:59.161"></status>
</kw>
<kw name="${no_image} = 6" type="foritem">
<kw name="Set Variable" library="BuiltIn">
<doc>Returns the given values which can then be assigned to a variables.</doc>
<arguments>
<arg>//div[contains(@class, "h-75")]/div[2]/div/div[${no_image}]/div/div/img</arg>
</arguments>
<assign>
<var>${img}</var>
</assign>
<msg timestamp="20201028 14:30:59.162" level="INFO">${img} = //div[contains(@class, "h-75")]/div[2]/div/div[6]/div/div/img</msg>
<status status="PASS" starttime="20201028 14:30:59.161" endtime="20201028 14:30:59.162"></status>
</kw>
<kw name="Wait Until Element Is Visible" library="SeleniumLibrary">
<doc>Waits until the element ``locator`` is visible.</doc>
<arguments>
<arg>${img}</arg>
<arg>30</arg>
</arguments>
<status status="PASS" starttime="20201028 14:30:59.163" endtime="20201028 14:30:59.192"></status>
</kw>
<kw name="Get Element Attribute" library="SeleniumLibrary">
<doc>Returns the value of ``attribute`` from the element ``locator``.</doc>
<arguments>
<arg>${img}</arg>
<arg>src</arg>
</arguments>
<assign>
<var>${src}</var>
</assign>
<msg timestamp="20201028 14:30:59.211" level="INFO">${src} = https://s.garasi.id/sl/768x432/vehicles/ID/images/a7ee3be2-61b3-4531-968d-5f65e733c9f4/toyota-agya-2019.jpeg</msg>
<status status="PASS" starttime="20201028 14:30:59.192" endtime="20201028 14:30:59.211"></status>
</kw>
<kw name="Save Image" library="MyFunc">
<arguments>
<arg>${src}</arg>
<arg>${no_image}</arg>
<arg>${keyword}</arg>
<arg>${car_title_text}</arg>
<arg>${row}</arg>
<arg>${column}</arg>
</arguments>
<status status="PASS" starttime="20201028 14:30:59.211" endtime="20201028 14:30:59.666"></status>
</kw>
<kw name="Click Element" library="SeleniumLibrary">
<doc>Click the element identified by ``locator``.</doc>
<arguments>
<arg>//div[contains(@class, "h-75")]/div[3]/div[2]/div/img</arg>
</arguments>
<msg timestamp="20201028 14:30:59.669" level="INFO">Clicking element '//div[contains(@class, "h-75")]/div[3]/div[2]/div/img'.</msg>
<status status="PASS" starttime="20201028 14:30:59.667" endtime="20201028 14:30:59.742"></status>
</kw>
<status status="PASS" starttime="20201028 14:30:59.161" endtime="20201028 14:30:59.742"></status>
</kw>
<kw name="${no_image} = 7" type="foritem">
<kw name="Set Variable" library="BuiltIn">
<doc>Returns the given values which can then be assigned to a variables.</doc>
<arguments>
<arg>//div[contains(@class, "h-75")]/div[2]/div/div[${no_image}]/div/div/img</arg>
</arguments>
<assign>
<var>${img}</var>
</assign>
<msg timestamp="20201028 14:30:59.743" level="INFO">${img} = //div[contains(@class, "h-75")]/div[2]/div/div[7]/div/div/img</msg>
<status status="PASS" starttime="20201028 14:30:59.743" endtime="20201028 14:30:59.743"></status>
</kw>
<kw name="Wait Until Element Is Visible" library="SeleniumLibrary">
<doc>Waits until the element ``locator`` is visible.</doc>
<arguments>
<arg>${img}</arg>
<arg>30</arg>
</arguments>
<status status="PASS" starttime="20201028 14:30:59.743" endtime="20201028 14:30:59.762"></status>
</kw>
<kw name="Get Element Attribute" library="SeleniumLibrary">
<doc>Returns the value of ``attribute`` from the element ``locator``.</doc>
<arguments>
<arg>${img}</arg>
<arg>src</arg>
</arguments>
<assign>
<var>${src}</var>
</assign>
<msg timestamp="20201028 14:30:59.782" level="INFO">${src} = https://s.garasi.id/sl/768x432/vehicles/ID/images/17ec2c9b-e605-4bb9-b75d-89cb9378ae06/toyota-agya-2019.jpeg</msg>
<status status="PASS" starttime="20201028 14:30:59.762" endtime="20201028 14:30:59.783"></status>
</kw>
<kw name="Save Image" library="MyFunc">
<arguments>
<arg>${src}</arg>
<arg>${no_image}</arg>
<arg>${keyword}</arg>
<arg>${car_title_text}</arg>
<arg>${row}</arg>
<arg>${column}</arg>
</arguments>
<status status="PASS" starttime="20201028 14:30:59.783" endtime="20201028 14:31:00.198"></status>
</kw>
<kw name="Click Element" library="SeleniumLibrary">
<doc>Click the element identified by ``locator``.</doc>
<arguments>
<arg>//div[contains(@class, "h-75")]/div[3]/div[2]/div/img</arg>
</arguments>
<msg timestamp="20201028 14:31:00.199" level="INFO">Clicking element '//div[contains(@class, "h-75")]/div[3]/div[2]/div/img'.</msg>
<status status="PASS" starttime="20201028 14:31:00.198" endtime="20201028 14:31:00.262"></status>
</kw>
<status status="PASS" starttime="20201028 14:30:59.743" endtime="20201028 14:31:00.262"></status>
</kw>
<status status="PASS" starttime="20201028 14:30:55.688" endtime="20201028 14:31:00.262"></status>
</kw>
<status status="PASS" starttime="20201028 14:30:54.661" endtime="20201028 14:31:00.262"></status>
</kw>
<kw name="Go Back" library="SeleniumLibrary">
<doc>Simulates the user clicking the back button on their browser.</doc>
<status status="PASS" starttime="20201028 14:31:00.263" endtime="20201028 14:31:00.315"></status>
</kw>
<kw name="Go Back" library="SeleniumLibrary">
<doc>Simulates the user clicking the back button on their browser.</doc>
<status status="PASS" starttime="20201028 14:31:00.315" endtime="20201028 14:31:00.644"></status>
</kw>
<status status="PASS" starttime="20201028 14:30:52.657" endtime="20201028 14:31:00.645"></status>
</kw>
<status status="PASS" starttime="20201028 14:30:36.885" endtime="20201028 14:31:00.645"></status>
</kw>
<status status="PASS" starttime="20201028 14:30:36.884" endtime="20201028 14:31:00.645"></status>
</kw>
<status status="PASS" starttime="20201028 14:30:36.881" endtime="20201028 14:31:00.645"></status>
</kw>
<status status="PASS" starttime="20201028 14:28:49.941" endtime="20201028 14:31:00.645"></status>
</kw>
<status status="PASS" starttime="20201028 14:28:29.824" endtime="20201028 14:31:00.645"></status>
</kw>
<kw name="Close Browser" library="SeleniumLibrary">
<doc>Closes the current browser.</doc>
<status status="PASS" starttime="20201028 14:31:00.646" endtime="20201028 14:31:02.983"></status>
</kw>
<status status="PASS" starttime="20201028 14:28:29.823" endtime="20201028 14:31:02.983" critical="yes"></status>
</test>
<doc>Scraping Web Garasi.id</doc>
<status status="PASS" starttime="20201028 14:28:29.366" endtime="20201028 14:31:02.986"></status>
</suite>
<statistics>
<total>
<stat pass="1" fail="0">Critical Tests</stat>
<stat pass="1" fail="0">All Tests</stat>
</total>
<tag>
</tag>
<suite>
<stat pass="1" fail="0" id="s1" name="Scrape">Scrape</stat>
</suite>
</statistics>
<errors>
</errors>
</robot>
